2022-07-04 11:40:58 INFO  SetUp - Test Case_CRMHLLeadgeneration_Successfully Started
2022-07-04 11:41:00 INFO  SetUp - Test Case_CRMHLLeadgeneration_get Skipped as its Runmode is 'NO' 
2022-07-04 11:41:00 INFO  SetUp - Test Case_SecuredCCDap_Successfully Started
2022-07-04 11:41:02 INFO  SetUp - Test Case_SecuredCCDap_get Skipped as its Runmode is 'NO' 
2022-07-04 11:41:02 INFO  SetUp - Test Case_HLDAPHomeLoanSalariedIndian_Successfully Started
2022-07-04 11:41:03 INFO  SetUp - Test Case_HLDAPHomeLoanSalariedIndian_get Skipped as its Runmode is 'NO' 
2022-07-04 11:41:03 INFO  SetUp - Test Case_HLDAPHomeLoanSalariedNRI_Successfully Started
2022-07-04 11:41:03 INFO  SetUp - Test Case_HLDAPHomeLoanSalariedNRI_get Skipped as its Runmode is 'NO' 
2022-07-04 11:41:03 INFO  SetUp - Test Case_HLDAPHomeLoanIndividual_Successfully Started
2022-07-04 11:41:04 INFO  SetUp - Test Case_HLDAPHomeLoanIndividual_get Skipped as its Runmode is 'NO' 
2022-07-04 11:41:04 INFO  SetUp - Test Case_HLDAPHomeLoanNonIndividual_Successfully Started
2022-07-04 11:41:04 INFO  SetUp - Test Case_HLDAPHomeLoanNonIndividual_get Skipped as its Runmode is 'NO' 
2022-07-04 11:41:04 INFO  SetUp - Test Case_HLDAPBalanceTransferSalariedIndian_Successfully Started
2022-07-04 11:41:05 INFO  SetUp - Test Case_HLDAPBalanceTransferSalariedIndian_get Skipped as its Runmode is 'NO' 
2022-07-04 11:41:05 INFO  SetUp - Test Case_HLDAPBalanceTransferSalariedNRI_Successfully Started
2022-07-04 11:41:06 INFO  SetUp - Test Case_HLDAPBalanceTransferSalariedNRI_get Skipped as its Runmode is 'NO' 
2022-07-04 11:41:06 INFO  SetUp - Test Case_HLDAPBalanceTransferIndividual_Successfully Started
2022-07-04 11:41:07 INFO  SetUp - Test Case_HLDAPBalanceTransferIndividual_get Skipped as its Runmode is 'NO' 
2022-07-04 11:41:07 INFO  SetUp - Test Case_HLDAPBalanceTransferNonIndividual_Successfully Started
2022-07-04 11:41:07 INFO  SetUp - Test Case_HLDAPBalanceTransferNonIndividual_get Skipped as its Runmode is 'NO' 
2022-07-04 11:41:07 INFO  SetUp - Test Case_HLDAPOnlyTopUpSalariedIndian_Successfully Started
2022-07-04 11:41:08 INFO  SetUp - Test Case_HLDAPOnlyTopUpSalariedIndian_get Skipped as its Runmode is 'NO' 
2022-07-04 11:41:08 INFO  SetUp - Test Case_HLDAPOnlyTopUpSalariedNRI_Successfully Started
2022-07-04 11:41:09 INFO  SetUp - Test Case_HLDAPOnlyTopUpSalariedNRI_get Skipped as its Runmode is 'NO' 
2022-07-04 11:41:09 INFO  SetUp - Test Case_HLDAPOnlyTopUpIndividual_Successfully Started
2022-07-04 11:41:10 INFO  SetUp - Test Case_HLDAPOnlyTopUpIndividual_get Skipped as its Runmode is 'NO' 
2022-07-04 11:41:10 INFO  SetUp - Test Case_HLDAPOnlyTopUpNonIndividual_Successfully Started
2022-07-04 11:41:11 INFO  SetUp - Test Case_HLDAPOnlyTopUpNonIndividual_get Skipped as its Runmode is 'NO' 
2022-07-04 11:41:11 INFO  SetUp - Test Case_HLDAPKotakSmartHomeSalariedIndian_Successfully Started
2022-07-04 11:41:12 INFO  SetUp - Test Case_HLDAPKotakSmartHomeSalariedIndian_get Skipped as its Runmode is 'NO' 
2022-07-04 11:41:12 INFO  SetUp - Test Case_HLDAPKotakSmartHomeSalariedNRI_Successfully Started
2022-07-04 11:41:14 INFO  SetUp - Test Case_HLDAPKotakSmartHomeSalariedNRI_get Skipped as its Runmode is 'NO' 
2022-07-04 11:41:14 INFO  SetUp - Test Case_HLDAPKotakSmartHomeIndividual_Successfully Started
2022-07-04 11:41:24 INFO  WebDriverManager - Using chromedriver 103.0.5060.53 (resolved driver for Chrome 103)
2022-07-04 11:41:24 INFO  WebDriverManager - Reading https://chromedriver.storage.googleapis.com/ to seek chromedriver
2022-07-04 11:41:24 INFO  Downloader - Downloading https://chromedriver.storage.googleapis.com/103.0.5060.53/chromedriver_win32.zip
2022-07-04 11:41:25 INFO  Downloader - Extracting driver from compressed file chromedriver_win32.zip
2022-07-04 11:41:25 INFO  WebDriverManager - Exporting webdriver.chrome.driver as C:\Users\Vrunda Vibhute\.cache\selenium\chromedriver\win32\103.0.5060.53\chromedriver.exe
2022-07-04 11:41:27 INFO  SetUp - Chrome Browser Launched..
2022-07-04 11:41:28 INFO  SetUp - URL : https://kmb.crmnext.com/sng7/app/login/login
2022-07-04 11:41:30 INFO  CommonMethods - Data Sucessfully entered on User Name = HLSARM
2022-07-04 11:41:31 INFO  CommonMethods - Data Sucessfully entered on Password = acid_qa
2022-07-04 11:41:35 INFO  ScreenShot - ScreenShot captured Intiate_HLSales_DAP || Status :Pass
2022-07-04 11:41:42 INFO  CommonMethods - Swiched to Child window name : Customer Digital Journey || URL :https://kmb.crmnext.com/sng7/vividkotak/vividflow/run/hl_salaried_process#LoaderPage
2022-07-04 11:41:42 INFO  HLDAPIntialJourney - URL for user = HLSARM ||https://kmb.crmnext.com/sng7/vividkotak/vividflow/run/hl_salaried_process#LoaderPage?userId=1353
2022-07-04 11:41:47 INFO  HLDAPIntialJourney - Select Product type customer is interested in?
2022-07-04 11:41:47 INFO  HLDAPIntialJourney - Product to select from excel sheet : Kotak Smart Home
2022-07-04 11:41:47 INFO  ScreenShot - ScreenShot captured Product_Selection_Screen || Status :Pass
2022-07-04 11:41:55 INFO  HLDAPIntialJourney - [[ChromeDriver: chrome on WINDOWS (b367a638947450c12bb2dafcec002196)] -> xpath: //div[@name='MainContainer'] //div] Product get selected and naviagte to next screen
2022-07-04 11:41:59 INFO  HLDAPIntialJourney - Sub Source Selection screen open..
2022-07-04 11:41:59 INFO  HLDAPIntialJourney - Header of screen : Select Sub-Source details of Lead
2022-07-04 11:42:00 ERROR CommonMethods - Not able to select from dropdown [[ChromeDriver: chrome on WINDOWS (b367a638947450c12bb2dafcec002196)] -> xpath: //div[@name='ContainercityResiInd'] //select]
2022-07-04 11:42:00 INFO  ScreenShot - ScreenShot captured SubSource_Selection_Screen || Status :Pass
2022-07-04 11:42:19 INFO  HLDAPIntialJourney - Header of screen : Is the applicant Salaried or Self-employed?
2022-07-04 11:42:19 INFO  HLDAPIntialJourney - Applicant Type Selection screen open..
2022-07-04 11:42:19 INFO  HLDAPIntialJourney - Applicant Type to select from excel sheet : Self employed
2022-07-04 11:42:19 INFO  ScreenShot - ScreenShot captured ApplicantType_Selection_Screen || Status :Pass
2022-07-04 11:42:24 INFO  HLDAPIntialJourney - [[ChromeDriver: chrome on WINDOWS (b367a638947450c12bb2dafcec002196)] -> xpath: //div[@name='Parent1Container']/child::div //button] Applicant Type get selected and naviagte to next screen
2022-07-04 11:42:26 INFO  HLDAPIntialJourney - Header of screen : Check if applicant is an Existing customer and has a PA offer?
2022-07-04 11:42:28 INFO  CommonMethods - Data Sucessfully entered on Enter Mobile No. = 9879879820
2022-07-04 11:42:30 INFO  HLDAPIntialJourney - Applicant is NTB type, so select DOB and Proceed.
2022-07-04 11:42:33 INFO  CommonMethods - July : Data Sucessfully Selected from dropdown 
2022-07-04 11:42:36 INFO  CommonMethods - 1991 : Data Sucessfully Selected from dropdown 
2022-07-04 11:42:37 INFO  HLDAPIntialJourney - Date :14 get selected
2022-07-04 11:42:42 INFO  CommonMethods - Data Sucessfully entered on Applicant Name = Vrunda Vibhute
2022-07-04 11:42:43 INFO  HLDAPIntialJourney - NTB Applicant name is :Vrunda Vibhute
2022-07-04 11:42:45 INFO  CommonMethods - Female : Data Sucessfully Selected from dropdown 
2022-07-04 11:42:47 INFO  CommonMethods - Data Sucessfully entered on Enter Email ID = autoHLNewLead@gmail.com
2022-07-04 11:42:47 INFO  HLDAPIntialJourney - NTB Applicant email id =autoHLNewLead@gmail.com
2022-07-04 11:42:48 INFO  ScreenShot - ScreenShot captured MOB_DOB_Screen || Status :Pass
2022-07-04 11:43:14 INFO  ScreenShot - ScreenShot captured OTPWaitingScreen || Status :Pass
2022-07-04 11:43:14 INFO  HLDAPIntialJourney - OTP Verification started
2022-07-04 11:43:27 INFO  CommonMethods - Data Sucessfully entered on  = 9879879820
2022-07-04 11:44:41 INFO  ScreenShot - ScreenShot captured LeadCardView || Status :Pass
2022-07-04 11:44:41 INFO  HLDAPIntialJourney - Writing lead details excel HLDAPKotakSmartHomeIndividual
2022-07-04 11:44:42 INFO  ExcelOperation - Write to excel with : Row=1 | Cell =78 | Data =9879879820
2022-07-04 11:44:49 INFO  ExcelOperation - Write to excel with : Row=1 | Cell =79 | Data =00105004
2022-07-04 11:44:55 INFO  ExcelOperation - Write to excel with : Row=1 | Cell =80 | Data =Documents Pending
2022-07-04 11:44:59 INFO  ExcelOperation - Write to excel with : Row=1 | Cell =81 | Data =04/07/2022 11:43 AM
2022-07-04 11:45:04 INFO  ScreenShot - ScreenShot captured LeadDetailView || Status :Pass
2022-07-04 11:45:05 INFO  HLDAPIntialJourney - SMS = Dear Customer, Please click on the link https://kmb.crmnext.com/sng7/vividkotak/vividflow/run/hl_otp?LeadId=DA7B502F03858C15&CheckSum=48427655 to authenticate the mobile No. and to proceed with your online Kotak Home Loan application.
2022-07-04 11:45:05 INFO  HLDAPIntialJourney - OTP/Consent Verification link : https://kmb.crmnext.com/sng7/vividkotak/vividflow/run/hl_otp?LeadId=DA7B502F03858C15&CheckSum=48427655
2022-07-04 11:45:11 INFO  HLDAPIntialJourney - OTP Notification :OTP has been sent to your registered mobile number
2022-07-04 11:45:12 INFO  ScreenShot - ScreenShot captured OTPVerification || Status :Pass
2022-07-04 11:45:30 INFO  HLDAPIntialJourney - Business Vintage
2022-07-04 11:45:30 INFO  HLDAPIntialJourney - Business Vintage
2022-07-04 11:45:34 INFO  ScreenShot - ScreenShot captured BusinessVintageScreen || Status :Pass
2022-07-04 11:45:42 ERROR HLDAPIntialJourney - Business vintage screen exc due to :stale element reference: element is not attached to the page document
  (Session info: chrome=103.0.5060.66)
For documentation on this error, please visit: https://selenium.dev/exceptions/#stale_element_reference
Build info: version: '4.1.0', revision: '87802e897b'
System info: host: 'VRUNDAV', ip: '192.168.1.100', os.name: 'Windows 10', os.arch: 'amd64', os.version: '10.0', java.version: '11'
Driver info: org.openqa.selenium.chrome.ChromeDriver
Command: [b367a638947450c12bb2dafcec002196, getElementText {id=8e962735-73b1-4343-8195-0b3f82fe89e8}]
Capabilities {acceptInsecureCerts: false, browserName: chrome, browserVersion: 103.0.5060.66, chrome: {chromedriverVersion: 103.0.5060.53 (a1711811edd7..., userDataDir: C:\Users\VRUNDA~1\AppData\L...}, goog:chromeOptions: {debuggerAddress: localhost:55295}, javascriptEnabled: true, networkConnectionEnabled: false, pageLoadStrategy: normal, platform: WINDOWS, platformName: WINDOWS, proxy: Proxy(), se:cdp: ws://localhost:55295/devtoo..., se:cdpVersion: 103.0.5060.66, setWindowRect: true, strictFileInteractability: false, timeouts: {implicit: 0, pageLoad: 300000, script: 30000}, unhandledPromptBehavior: dismiss and notify, webauthn:extension:credBlob: true, webauthn:extension:largeBlob: true, webauthn:virtualAuthenticators: true}
Element: [[ChromeDriver: chrome on WINDOWS (b367a638947450c12bb2dafcec002196)] -> xpath: //span[contains(text(),'Business Vintage')]]
Session ID: b367a638947450c12bb2dafcec002196
2022-07-04 11:45:42 INFO  HLDAPIntialJourney - Select Applicants Resident Type
2022-07-04 11:45:44 INFO  HLDAPIntialJourney - Resident Indian get selected
2022-07-04 11:45:46 INFO  HLDAPIntialJourney - Resident Country = null
2022-07-04 11:45:51 INFO  CommonMethods - Data Sucessfully entered on  = Mumbai
2022-07-04 11:45:54 INFO  HLDAPIntialJourney - Resident City = Mumbai
2022-07-04 11:45:59 INFO  CommonMethods - Data Sucessfully entered on  = 400002
2022-07-04 11:46:01 INFO  HLDAPIntialJourney - Resident Pincode = 400002
2022-07-04 11:46:01 INFO  ScreenShot - ScreenShot captured IndianResidentScreen || Status :Pass
2022-07-04 11:46:25 INFO  ScreenShot - ScreenShot captured DigitalInprincipleSaction || Status :Pass
2022-07-04 11:46:35 INFO  ScreenShot - ScreenShot captured UserConsentScreen || Status :Pass
2022-07-04 11:46:45 INFO  ScreenShot - ScreenShot captured ConsentWaitingScreen || Status :Pass
2022-07-04 11:46:47 INFO  HLDAPModulesJourney - Consent Approval started
2022-07-04 11:46:57 INFO  CommonMethods - Data Sucessfully entered on  = 9879879820
2022-07-04 11:48:12 INFO  ScreenShot - ScreenShot captured LeadCardView || Status :Pass
2022-07-04 11:48:14 INFO  HLDAPIntialJourney - Writing lead details excel HLDAPKotakSmartHomeIndividual
2022-07-04 11:48:17 INFO  ExcelOperation - Write to excel with : Row=1 | Cell =78 | Data =9879879820
2022-07-04 11:48:20 INFO  ExcelOperation - Write to excel with : Row=1 | Cell =79 | Data =00105004
2022-07-04 11:48:24 INFO  ExcelOperation - Write to excel with : Row=1 | Cell =80 | Data =Documents Pending
2022-07-04 11:48:28 INFO  ExcelOperation - Write to excel with : Row=1 | Cell =81 | Data =04/07/2022 11:46 AM
2022-07-04 11:48:36 INFO  ScreenShot - ScreenShot captured LeadDetailView || Status :Pass
2022-07-04 11:48:37 INFO  HLDAPIntialJourney - SMS = Dear Customer, Please click on the link https://kmb.crmnext.com/sng7/vividkotak/vividflow/run/HL_Consent?LeadId=DA7B502F03858C15&CheckSum=67060836 to record various Consents to proceed with your online Kotak Home Loan application.
2022-07-04 11:48:37 INFO  HLDAPIntialJourney - OTP/Consent Verification link : https://kmb.crmnext.com/sng7/vividkotak/vividflow/run/HL_Consent?LeadId=DA7B502F03858C15&CheckSum=67060836
2022-07-04 11:48:41 INFO  ScreenShot - ScreenShot captured LeadConsentScreen || Status :Pass
2022-07-04 11:48:41 INFO  HLDAPModulesJourney - Terms & Conditions
1. I hereby authorize kotak Mahindra Bank to verify my Pan number from NSDL site.
2. I authorize bank (including its representatives, affiliates and its business partners) to contact me via Email or phone call or SMS and offer me your services for the product I have opted for, imparting knowledge offer promotional offers running on the bank and offers by its business partners and assoicated third parties, for which purpose my information may be collected in the manner as detailed herein. I hereby agree that I authorize the bank to contact me for the above mentioned purposes even If I have registered myself under DND or DNC or NCPR services and that this consent shall prevail over such registrations.
3. I authorize the bank ,its group companies and their agents to exchange or share all information relating to me and my repayments history with banks , financial institutions , credit bureaus, agencies ,statutory bodies etc. as may be required or they deem fit.
4. I hereby give my consent to receive a link for Employment verification from Banks partner Karza on my provided Mobile No. to validate my employment details through EPFO.
5. I hereby provide my consent and acceptance to submit my Bank statements for verification and credit due diligence to Banks partner agency Perfios to process my online loan application.
6. I provide my consent to receive communication on my whatsapp No.
2022-07-04 11:49:02 INFO  ScreenShot - ScreenShot captured ConsentApprovalScreen || Status :Pass
2022-07-04 11:49:15 INFO  HLDAPModulesJourney - Just Few Basic Steps For Digital Sanction
2022-07-04 11:49:23 INFO  CommonMethods - Data Sucessfully entered on Enter PAN number = AQPPR4745L
2022-07-04 11:49:41 INFO  CommonMethods - Data Sucessfully entered on Enter Address 1 = A-302, Dahisar Sagar Chs, Near Western express highway
2022-07-04 11:49:43 INFO  HLDAPModulesJourney - Address line 1 = A-302, Dahisar Sagar Chs, Near
2022-07-04 11:49:47 INFO  CommonMethods - Data Sucessfully entered on Enter Address 2 = Dahisar East
2022-07-04 11:49:49 INFO  HLDAPModulesJourney - Address line 2 = Dahisar East
2022-07-04 11:49:49 INFO  HLDAPModulesJourney - City = Mumbai
2022-07-04 11:49:49 INFO  HLDAPModulesJourney - Pincode = 400002
2022-07-04 11:49:50 INFO  ScreenShot - ScreenShot captured PANCIBIL Screen || Status :Pass
2022-07-04 11:51:01 INFO  HLDAPModulesJourney - Income Details
2022-07-04 11:51:11 INFO  CommonMethods - Data Sucessfully entered on ?                                per month = 400000
2022-07-04 11:51:13 INFO  HLDAPModulesJourney - Profit after tax = 400000
2022-07-04 11:51:14 INFO  HLDAPModulesJourney - Add another source of income
Adding income from multiple source
will increase your eligibility
2022-07-04 11:51:19 INFO  CommonMethods - Data Sucessfully entered on ?                                per month = 40000
2022-07-04 11:51:21 INFO  HLDAPModulesJourney - Additional Income = 40000
2022-07-04 11:51:21 INFO  HLDAPModulesJourney - Add current EMI payment if any
2022-07-04 11:51:26 INFO  CommonMethods - Data Sucessfully entered on ?                                per month = 5000
2022-07-04 11:51:28 INFO  HLDAPModulesJourney - Current EMI = 5000
2022-07-04 11:51:28 INFO  ScreenShot - ScreenShot captured IncomeDetailsScreen || Status :Pass
2022-07-04 11:51:55 INFO  HLDAPModulesJourney - Property Details
2022-07-04 11:51:55 INFO  ScreenShot - ScreenShot captured PropertyDetailsScreen || Status :Pass
2022-07-04 11:51:57 INFO  HLDAPModulesJourney - No Fill other details
2022-07-04 11:52:02 INFO  CommonMethods - Data Sucessfully entered on ?  Enter required loan amount = 2500000
2022-07-04 11:52:04 INFO  HLDAPModulesJourney - Required Loan Amount = 2500000
2022-07-04 11:52:07 INFO  CommonMethods - Residential : Data Sucessfully Selected from dropdown 
2022-07-04 11:52:09 INFO  ScreenShot - AShot captured PropertyDeatils || Status :Pass
2022-07-04 11:52:19 INFO  HLDAPModulesJourney - Property Details
2022-07-04 11:52:20 INFO  ScreenShot - ScreenShot captured ITReturnScreen || Status :Pass
2022-07-04 11:53:00 INFO  HLDAPModulesJourney - Please wait to verify Perfios status
2022-07-04 11:53:02 INFO  HLDAPModulesJourney - Please wait Perfios is in Progress
2022-07-04 11:53:08 INFO  ScreenShot - ScreenShot captured CrossSellScreen || Status :Pass
2022-07-04 11:53:23 INFO  ScreenShot - AShot captured EligibilityScreen1 || Status :Pass
2022-07-04 11:53:23 INFO  ScreenShot - ScreenShot captured EligibilityScreen2 || Status :Pass
2022-07-04 11:53:25 INFO  HLDAPEndJourney - Eligibility Screen Option to Proceed :Continue to Sanction Letter
2022-07-04 11:54:35 ERROR SetUp - HLDAPKotakSmartHomeIndividual Get Failed due to 
Expected condition failed: waiting for url to contain "processfee". Current url: "https://kmb.crmnext.com/sng7/vividkotak/vividflow/run/hl_salaried_process?userId=1353&x=ayg86akwr4k6u4tvztzarmblxpr9cqw5zc4hkhhb284zmra6yeptxhafg35tt7947qpa6pdtxxaers5ms8gwvltjtq#hleligible" (tried for 70 second(s) with 500 milliseconds interval)
Build info: version: '4.1.0', revision: '87802e897b'
System info: host: 'VRUNDAV', ip: '192.168.1.100', os.name: 'Windows 10', os.arch: 'amd64', os.version: '10.0', java.version: '11'
Driver info: org.openqa.selenium.chrome.ChromeDriver
Capabilities {acceptInsecureCerts: false, browserName: chrome, browserVersion: 103.0.5060.66, chrome: {chromedriverVersion: 103.0.5060.53 (a1711811edd7..., userDataDir: C:\Users\VRUNDA~1\AppData\L...}, goog:chromeOptions: {debuggerAddress: localhost:55295}, javascriptEnabled: true, networkConnectionEnabled: false, pageLoadStrategy: normal, platform: WINDOWS, platformName: WINDOWS, proxy: Proxy(), se:cdp: ws://localhost:55295/devtoo..., se:cdpVersion: 103.0.5060.66, setWindowRect: true, strictFileInteractability: false, timeouts: {implicit: 0, pageLoad: 300000, script: 30000}, unhandledPromptBehavior: dismiss and notify, webauthn:extension:credBlob: true, webauthn:extension:largeBlob: true, webauthn:virtualAuthenticators: true}
Session ID: b367a638947450c12bb2dafcec002196
2022-07-04 11:54:35 INFO  ScreenShot - ScreenShot captured HLDAPKotakSmartHomeIndividual || Status :Fail
2022-07-04 11:55:05 INFO  CommonMethods - Row num for TestScenario = HLDAPKotakSmartHomeIndividual is = 17
2022-07-04 11:55:07 INFO  ExcelOperation - Write to excel with : Row=17 | Cell =3 | Data =Fail
2022-07-04 15:48:43 INFO  SetUp - Test Case_CRMHLLeadgeneration_Successfully Started
2022-07-04 15:48:45 INFO  SetUp - Test Case_CRMHLLeadgeneration_get Skipped as its Runmode is 'NO' 
2022-07-04 15:48:45 INFO  SetUp - Test Case_SecuredCCDap_Successfully Started
2022-07-04 15:48:47 INFO  SetUp - Test Case_SecuredCCDap_get Skipped as its Runmode is 'NO' 
2022-07-04 15:48:47 INFO  SetUp - Test Case_HLDAPHomeLoanSalariedIndian_Successfully Started
2022-07-04 15:48:48 INFO  SetUp - Test Case_HLDAPHomeLoanSalariedIndian_get Skipped as its Runmode is 'NO' 
2022-07-04 15:48:48 INFO  SetUp - Test Case_HLDAPHomeLoanSalariedNRI_Successfully Started
2022-07-04 15:48:49 INFO  SetUp - Test Case_HLDAPHomeLoanSalariedNRI_get Skipped as its Runmode is 'NO' 
2022-07-04 15:48:49 INFO  SetUp - Test Case_HLDAPHomeLoanIndividual_Successfully Started
2022-07-04 15:48:49 INFO  SetUp - Test Case_HLDAPHomeLoanIndividual_get Skipped as its Runmode is 'NO' 
2022-07-04 15:48:49 INFO  SetUp - Test Case_HLDAPHomeLoanNonIndividual_Successfully Started
2022-07-04 15:48:50 INFO  SetUp - Test Case_HLDAPHomeLoanNonIndividual_get Skipped as its Runmode is 'NO' 
2022-07-04 15:48:50 INFO  SetUp - Test Case_HLDAPBalanceTransferSalariedIndian_Successfully Started
2022-07-04 15:48:50 INFO  SetUp - Test Case_HLDAPBalanceTransferSalariedIndian_get Skipped as its Runmode is 'NO' 
2022-07-04 15:48:50 INFO  SetUp - Test Case_HLDAPBalanceTransferSalariedNRI_Successfully Started
2022-07-04 15:48:51 INFO  SetUp - Test Case_HLDAPBalanceTransferSalariedNRI_get Skipped as its Runmode is 'NO' 
2022-07-04 15:48:51 INFO  SetUp - Test Case_HLDAPBalanceTransferIndividual_Successfully Started
2022-07-04 15:48:52 INFO  SetUp - Test Case_HLDAPBalanceTransferIndividual_get Skipped as its Runmode is 'NO' 
2022-07-04 15:48:52 INFO  SetUp - Test Case_HLDAPBalanceTransferNonIndividual_Successfully Started
2022-07-04 15:48:53 INFO  SetUp - Test Case_HLDAPBalanceTransferNonIndividual_get Skipped as its Runmode is 'NO' 
2022-07-04 15:48:53 INFO  SetUp - Test Case_HLDAPOnlyTopUpSalariedIndian_Successfully Started
2022-07-04 15:48:54 INFO  SetUp - Test Case_HLDAPOnlyTopUpSalariedIndian_get Skipped as its Runmode is 'NO' 
2022-07-04 15:48:54 INFO  SetUp - Test Case_HLDAPOnlyTopUpSalariedNRI_Successfully Started
2022-07-04 15:48:55 INFO  SetUp - Test Case_HLDAPOnlyTopUpSalariedNRI_get Skipped as its Runmode is 'NO' 
2022-07-04 15:48:55 INFO  SetUp - Test Case_HLDAPOnlyTopUpIndividual_Successfully Started
2022-07-04 15:48:56 INFO  SetUp - Test Case_HLDAPOnlyTopUpIndividual_get Skipped as its Runmode is 'NO' 
2022-07-04 15:48:56 INFO  SetUp - Test Case_HLDAPOnlyTopUpNonIndividual_Successfully Started
2022-07-04 15:48:57 INFO  SetUp - Test Case_HLDAPOnlyTopUpNonIndividual_get Skipped as its Runmode is 'NO' 
2022-07-04 15:48:57 INFO  SetUp - Test Case_HLDAPKotakSmartHomeSalariedIndian_Successfully Started
2022-07-04 15:48:58 INFO  SetUp - Test Case_HLDAPKotakSmartHomeSalariedIndian_get Skipped as its Runmode is 'NO' 
2022-07-04 15:48:58 INFO  SetUp - Test Case_HLDAPKotakSmartHomeSalariedNRI_Successfully Started
2022-07-04 15:48:59 INFO  SetUp - Test Case_HLDAPKotakSmartHomeSalariedNRI_get Skipped as its Runmode is 'NO' 
2022-07-04 15:48:59 INFO  SetUp - Test Case_HLDAPKotakSmartHomeIndividual_Successfully Started
2022-07-04 15:49:01 INFO  SetUp - Test Case_HLDAPKotakSmartHomeIndividual_get Skipped as its Runmode is 'NO' 
2022-07-04 15:49:01 INFO  SetUp - Test Case_HLDAPHomeLoanOverdraftSalariedIndian_Successfully Started
2022-07-04 15:49:02 INFO  SetUp - Test Case_HLDAPHomeLoanOverdraftSalariedIndian_get Skipped as its Runmode is 'NO' 
2022-07-04 15:49:02 INFO  SetUp - Test Case_HLDAPHomeLoanOverdraftIndividual_Successfully Started
2022-07-04 15:49:03 INFO  SetUp - Test Case_HLDAPHomeLoanOverdraftIndividual_get Skipped as its Runmode is 'NO' 
2022-07-04 15:49:03 INFO  SetUp - Test Case_HLDAPHomeLoanOverdraftNonIndividual_Successfully Started
2022-07-04 15:49:09 INFO  WebDriverManager - Using chromedriver 103.0.5060.53 (resolved driver for Chrome 103)
2022-07-04 15:49:09 INFO  WebDriverManager - Exporting webdriver.chrome.driver as C:\Users\Vrunda Vibhute\.cache\selenium\chromedriver\win32\103.0.5060.53\chromedriver.exe
2022-07-04 15:49:11 INFO  SetUp - Chrome Browser Launched..
2022-07-04 15:49:12 INFO  SetUp - URL : https://kmb.crmnext.com/sng7/app/login/login
2022-07-04 15:49:14 INFO  CommonMethods - Data Sucessfully entered on User Name = HLSARM
2022-07-04 15:49:15 INFO  CommonMethods - Data Sucessfully entered on Password = acid_qa
2022-07-04 15:49:23 INFO  ScreenShot - ScreenShot captured Intiate_HLSales_DAP || Status :Pass
2022-07-04 15:49:27 INFO  CommonMethods - Swiched to Child window name : Customer Digital Journey || URL :https://kmb.crmnext.com/sng7/vividkotak/vividflow/run/hl_salaried_process#PS
2022-07-04 15:49:27 INFO  HLDAPIntialJourney - URL for user = HLSARM ||https://kmb.crmnext.com/sng7/vividkotak/vividflow/run/hl_salaried_process#PS?userId=1353
2022-07-04 15:49:32 INFO  HLDAPIntialJourney - Select Product type customer is interested in?
2022-07-04 15:49:32 INFO  HLDAPIntialJourney - Product to select from excel sheet : null
2022-07-04 15:49:32 INFO  ScreenShot - ScreenShot captured Product_Selection_Screen || Status :Pass
2022-07-04 15:49:56 INFO  HLDAPIntialJourney - Sub Source Selection screen open..
2022-07-04 15:49:56 INFO  HLDAPIntialJourney - Header of screen : Select Sub-Source details of Lead
2022-07-04 15:49:58 INFO  CommonMethods - RM : Data Sucessfully Selected from dropdown 
2022-07-04 15:49:59 INFO  ScreenShot - ScreenShot captured SubSource_Selection_Screen || Status :Pass
2022-07-04 15:49:59 ERROR SetUp - HLDAPHomeLoanOverdraftNonIndividual Get Failed due to 
no such element: Unable to locate element: {"method":"xpath","selector":"//button[text()='Proceed']"}
  (Session info: chrome=103.0.5060.66)
For documentation on this error, please visit: https://selenium.dev/exceptions/#no_such_element
Build info: version: '4.1.0', revision: '87802e897b'
System info: host: 'VRUNDAV', ip: '192.168.1.100', os.name: 'Windows 10', os.arch: 'amd64', os.version: '10.0', java.version: '11'
Driver info: org.openqa.selenium.chrome.ChromeDriver
Command: [3bbbf72323e4d914b957da98be933750, findElement {using=xpath, value=//button[text()='Proceed']}]
Capabilities {acceptInsecureCerts: false, browserName: chrome, browserVersion: 103.0.5060.66, chrome: {chromedriverVersion: 103.0.5060.53 (a1711811edd7..., userDataDir: C:\Users\VRUNDA~1\AppData\L...}, goog:chromeOptions: {debuggerAddress: localhost:65386}, javascriptEnabled: true, networkConnectionEnabled: false, pageLoadStrategy: normal, platform: WINDOWS, platformName: WINDOWS, proxy: Proxy(), se:cdp: ws://localhost:65386/devtoo..., se:cdpVersion: 103.0.5060.66, setWindowRect: true, strictFileInteractability: false, timeouts: {implicit: 0, pageLoad: 300000, script: 30000}, unhandledPromptBehavior: dismiss and notify, webauthn:extension:credBlob: true, webauthn:extension:largeBlob: true, webauthn:virtualAuthenticators: true}
Session ID: 3bbbf72323e4d914b957da98be933750
2022-07-04 15:49:59 INFO  ScreenShot - ScreenShot captured HLDAPHomeLoanOverdraftNonIndividual || Status :Fail
2022-07-04 15:50:02 INFO  CommonMethods - Row num for TestScenario = HLDAPHomeLoanOverdraftNonIndividual is = 20
2022-07-04 15:50:03 INFO  ExcelOperation - Write to excel with : Row=20 | Cell =3 | Data =Fail
2022-07-04 16:11:00 INFO  SetUp - Test Case_CRMHLLeadgeneration_Successfully Started
2022-07-04 16:11:06 INFO  SetUp - Test Case_CRMHLLeadgeneration_get Skipped as its Runmode is 'NO' 
2022-07-04 16:11:06 INFO  SetUp - Test Case_SecuredCCDap_Successfully Started
2022-07-04 16:11:50 INFO  SetUp - Test Case_SecuredCCDap_get Skipped as its Runmode is 'NO' 
2022-07-04 16:11:50 INFO  SetUp - Test Case_HLDAPHomeLoanSalariedIndian_Successfully Started
2022-07-04 16:11:56 INFO  SetUp - Test Case_HLDAPHomeLoanSalariedIndian_get Skipped as its Runmode is 'NO' 
2022-07-04 16:11:56 INFO  SetUp - Test Case_HLDAPHomeLoanSalariedNRI_Successfully Started
2022-07-04 16:12:04 INFO  SetUp - Test Case_HLDAPHomeLoanSalariedNRI_get Skipped as its Runmode is 'NO' 
2022-07-04 16:12:04 INFO  SetUp - Test Case_HLDAPHomeLoanIndividual_Successfully Started
2022-07-04 16:12:14 INFO  SetUp - Test Case_HLDAPHomeLoanIndividual_get Skipped as its Runmode is 'NO' 
2022-07-04 16:12:14 INFO  SetUp - Test Case_HLDAPHomeLoanNonIndividual_Successfully Started
2022-07-04 16:12:25 INFO  SetUp - Test Case_HLDAPHomeLoanNonIndividual_get Skipped as its Runmode is 'NO' 
2022-07-04 16:12:25 INFO  SetUp - Test Case_HLDAPBalanceTransferSalariedIndian_Successfully Started
2022-07-04 16:12:37 INFO  SetUp - Test Case_HLDAPBalanceTransferSalariedIndian_get Skipped as its Runmode is 'NO' 
2022-07-04 16:12:37 INFO  SetUp - Test Case_HLDAPBalanceTransferSalariedNRI_Successfully Started
2022-07-04 16:12:52 INFO  SetUp - Test Case_HLDAPBalanceTransferSalariedNRI_get Skipped as its Runmode is 'NO' 
2022-07-04 16:12:52 INFO  SetUp - Test Case_HLDAPBalanceTransferIndividual_Successfully Started
2022-07-04 16:13:07 INFO  SetUp - Test Case_HLDAPBalanceTransferIndividual_get Skipped as its Runmode is 'NO' 
2022-07-04 16:13:08 INFO  SetUp - Test Case_HLDAPBalanceTransferNonIndividual_Successfully Started
2022-07-04 16:13:26 INFO  SetUp - Test Case_HLDAPBalanceTransferNonIndividual_get Skipped as its Runmode is 'NO' 
2022-07-04 16:13:26 INFO  SetUp - Test Case_HLDAPOnlyTopUpSalariedIndian_Successfully Started
2022-07-04 16:13:45 INFO  SetUp - Test Case_HLDAPOnlyTopUpSalariedIndian_get Skipped as its Runmode is 'NO' 
2022-07-04 16:13:45 INFO  SetUp - Test Case_HLDAPOnlyTopUpSalariedNRI_Successfully Started
2022-07-04 16:14:05 INFO  SetUp - Test Case_HLDAPOnlyTopUpSalariedNRI_get Skipped as its Runmode is 'NO' 
2022-07-04 16:14:05 INFO  SetUp - Test Case_HLDAPOnlyTopUpIndividual_Successfully Started
2022-07-04 16:14:30 INFO  SetUp - Test Case_HLDAPOnlyTopUpIndividual_get Skipped as its Runmode is 'NO' 
2022-07-04 16:14:30 INFO  SetUp - Test Case_HLDAPOnlyTopUpNonIndividual_Successfully Started
2022-07-04 16:14:53 INFO  SetUp - Test Case_HLDAPOnlyTopUpNonIndividual_get Skipped as its Runmode is 'NO' 
2022-07-04 16:14:53 INFO  SetUp - Test Case_HLDAPKotakSmartHomeSalariedIndian_Successfully Started
2022-07-04 16:15:19 INFO  SetUp - Test Case_HLDAPKotakSmartHomeSalariedIndian_get Skipped as its Runmode is 'NO' 
2022-07-04 16:15:19 INFO  SetUp - Test Case_HLDAPKotakSmartHomeSalariedNRI_Successfully Started
2022-07-04 16:15:47 INFO  SetUp - Test Case_HLDAPKotakSmartHomeSalariedNRI_get Skipped as its Runmode is 'NO' 
2022-07-04 16:15:47 INFO  SetUp - Test Case_HLDAPKotakSmartHomeIndividual_Successfully Started
2022-07-04 16:16:17 INFO  SetUp - Test Case_HLDAPKotakSmartHomeIndividual_get Skipped as its Runmode is 'NO' 
2022-07-04 16:16:17 INFO  SetUp - Test Case_HLDAPHomeLoanOverdraftSalariedIndian_Successfully Started
2022-07-04 16:16:48 INFO  SetUp - Test Case_HLDAPHomeLoanOverdraftSalariedIndian_get Skipped as its Runmode is 'NO' 
2022-07-04 16:16:48 INFO  SetUp - Test Case_HLDAPHomeLoanOverdraftIndividual_Successfully Started
2022-07-04 16:17:20 INFO  SetUp - Test Case_HLDAPHomeLoanOverdraftIndividual_get Skipped as its Runmode is 'NO' 
2022-07-04 16:17:20 INFO  SetUp - Test Case_HLDAPHomeLoanOverdraftNonIndividual_Successfully Started
2022-07-04 16:17:55 INFO  WebDriverManager - Using chromedriver 103.0.5060.53 (resolved driver for Chrome 103)
2022-07-04 16:17:55 INFO  WebDriverManager - Exporting webdriver.chrome.driver as C:\Users\Vrunda Vibhute\.cache\selenium\chromedriver\win32\103.0.5060.53\chromedriver.exe
2022-07-04 16:17:57 INFO  SetUp - Chrome Browser Launched..
2022-07-04 16:18:00 INFO  SetUp - URL : https://kmb.crmnext.com/sng7/app/login/login
2022-07-04 16:18:05 INFO  CommonMethods - Data Sucessfully entered on User Name = HLSARM
2022-07-04 16:18:12 INFO  CommonMethods - Data Sucessfully entered on Password = acid_qa
2022-07-04 16:18:20 INFO  ScreenShot - ScreenShot captured Intiate_HLSales_DAP || Status :Pass
2022-07-04 16:18:35 INFO  CommonMethods - Swiched to Child window name : Customer Digital Journey || URL :https://kmb.crmnext.com/sng7/vividkotak/vividflow/run/hl_salaried_process#LoaderPage
2022-07-04 16:18:37 INFO  HLDAPIntialJourney - URL for user = HLSARM ||https://kmb.crmnext.com/sng7/vividkotak/vividflow/run/hl_salaried_process#LoaderPage?userId=1353
2022-07-04 16:18:39 INFO  HLDAPIntialJourney - Select Product type customer is interested in?
2022-07-04 16:18:39 INFO  HLDAPIntialJourney - Product to select from excel sheet : Home Loan Overdraft
2022-07-04 16:18:39 INFO  ScreenShot - ScreenShot captured Product_Selection_Screen || Status :Pass
2022-07-04 16:18:48 INFO  HLDAPIntialJourney - [[ChromeDriver: chrome on WINDOWS (8f099bac28cd16db0a62b2e4ca1e46dc)] -> xpath: //div[@name='MainContainer'] //div] Product get selected and naviagte to next screen
2022-07-04 16:18:53 INFO  HLDAPIntialJourney - Sub Source Selection screen open..
2022-07-04 16:18:53 INFO  HLDAPIntialJourney - Header of screen : Select Sub-Source details of Lead
2022-07-04 16:18:56 INFO  CommonMethods - RM : Data Sucessfully Selected from dropdown 
2022-07-04 16:18:56 INFO  ScreenShot - ScreenShot captured SubSource_Selection_Screen || Status :Pass
2022-07-04 16:19:00 INFO  HLDAPIntialJourney - Header of screen : Is the applicant Salaried or Self-employed?
2022-07-04 16:19:02 INFO  HLDAPIntialJourney - Applicant Type Selection screen open..
2022-07-04 16:19:02 INFO  HLDAPIntialJourney - Applicant Type to select from excel sheet : Self employed
2022-07-04 16:19:02 INFO  ScreenShot - ScreenShot captured ApplicantType_Selection_Screen || Status :Pass
2022-07-04 16:19:08 INFO  HLDAPIntialJourney - [[ChromeDriver: chrome on WINDOWS (8f099bac28cd16db0a62b2e4ca1e46dc)] -> xpath: //div[@name='Parent1Container']/child::div //button] Applicant Type get selected and naviagte to next screen
2022-07-04 16:19:09 INFO  HLDAPIntialJourney - Is the applicant Individual or Non-individual?
2022-07-04 16:19:11 INFO  HLDAPIntialJourney - Self Employed Type to select from excel sheet : Non-Individual
2022-07-04 16:19:11 INFO  ScreenShot - ScreenShot captured SelfEmpType_Selection_Screen || Status :Pass
2022-07-04 16:19:11 INFO  HLDAPIntialJourney - Non-Individual Self Employed Type get selected 
2022-07-04 16:19:12 INFO  HLDAPIntialJourney - Self Employed Non Individual Applicant selected.. 
2022-07-04 16:19:15 INFO  CommonMethods - Pvt Ltd : Data Sucessfully Selected from dropdown 
2022-07-04 16:19:23 INFO  CommonMethods - Data Sucessfully entered on Enter Entity Name = V Creations
2022-07-04 16:19:29 INFO  CommonMethods - Data Sucessfully entered on Enter Name of point of contact = Vrunda Vibhute
2022-07-04 16:19:36 INFO  CommonMethods - Data Sucessfully entered on Enter Mobile No. = 9879879707
2022-07-04 16:19:40 INFO  CommonMethods - Female : Data Sucessfully Selected from dropdown 
2022-07-04 16:19:42 INFO  HLDAPIntialJourney - Applicant is NTB type, so select DOI and Proceed.
2022-07-04 16:19:52 INFO  CommonMethods - July : Data Sucessfully Selected from dropdown 
2022-07-04 16:19:56 INFO  CommonMethods - 1991 : Data Sucessfully Selected from dropdown 
2022-07-04 16:19:57 INFO  HLDAPIntialJourney - Date :30 get selected
2022-07-04 16:20:18 INFO  ScreenShot - ScreenShot captured OTPWaitingScreen || Status :Pass
2022-07-04 16:20:18 INFO  HLDAPIntialJourney - OTP Verification started
2022-07-04 16:20:33 INFO  CommonMethods - Data Sucessfully entered on  = 9879879707
2022-07-04 16:21:48 INFO  ScreenShot - ScreenShot captured LeadCardView || Status :Pass
2022-07-04 16:21:49 INFO  HLDAPIntialJourney - Writing lead details excel HLDAPHomeLoanOverdraftNonInd
2022-07-04 16:21:52 INFO  ExcelOperation - Write to excel with : Row=1 | Cell =77 | Data =9879879707
2022-07-04 16:21:56 INFO  ExcelOperation - Write to excel with : Row=1 | Cell =78 | Data =00105046
2022-07-04 16:22:00 INFO  ExcelOperation - Write to excel with : Row=1 | Cell =79 | Data =Documents Pending
2022-07-04 16:22:04 INFO  ExcelOperation - Write to excel with : Row=1 | Cell =80 | Data =04/07/2022 4:20 PM
2022-07-04 16:22:15 INFO  ScreenShot - ScreenShot captured LeadDetailView || Status :Pass
2022-07-04 16:22:15 INFO  HLDAPIntialJourney - SMS = Dear Customer, Please click on the link https://kmb.crmnext.com/sng7/vividkotak/vividflow/run/hl_otp?LeadId=6F5F166456116EA4&CheckSum=53738267 to authenticate the mobile No. and to proceed with your online Kotak Home Loan application.
2022-07-04 16:22:15 INFO  HLDAPIntialJourney - OTP/Consent Verification link : https://kmb.crmnext.com/sng7/vividkotak/vividflow/run/hl_otp?LeadId=6F5F166456116EA4&CheckSum=53738267
2022-07-04 16:22:21 INFO  HLDAPIntialJourney - OTP Notification :OTP has been sent to your registered mobile number
2022-07-04 16:22:22 INFO  ScreenShot - ScreenShot captured OTPVerification || Status :Pass
2022-07-04 16:22:39 INFO  HLDAPIntialJourney - Select Applicants Resident Type
2022-07-04 16:22:39 INFO  HLDAPIntialJourney - Select Applicants Resident Type
2022-07-04 16:23:51 ERROR SetUp - HLDAPHomeLoanOverdraftNonIndividual Get Failed due to 
no such element: Unable to locate element: {"method":"xpath","selector":"//div[@name='ResidentButtonContainer']/button"}
  (Session info: chrome=103.0.5060.66)
For documentation on this error, please visit: https://selenium.dev/exceptions/#no_such_element
Build info: version: '4.1.0', revision: '87802e897b'
System info: host: 'VRUNDAV', ip: '192.168.1.100', os.name: 'Windows 10', os.arch: 'amd64', os.version: '10.0', java.version: '11'
Driver info: org.openqa.selenium.chrome.ChromeDriver
Command: [8f099bac28cd16db0a62b2e4ca1e46dc, findElement {using=xpath, value=//div[@name='ResidentButtonContainer']/button}]
Capabilities {acceptInsecureCerts: false, browserName: chrome, browserVersion: 103.0.5060.66, chrome: {chromedriverVersion: 103.0.5060.53 (a1711811edd7..., userDataDir: C:\Users\VRUNDA~1\AppData\L...}, goog:chromeOptions: {debuggerAddress: localhost:49874}, javascriptEnabled: true, networkConnectionEnabled: false, pageLoadStrategy: normal, platform: WINDOWS, platformName: WINDOWS, proxy: Proxy(), se:cdp: ws://localhost:49874/devtoo..., se:cdpVersion: 103.0.5060.66, setWindowRect: true, strictFileInteractability: false, timeouts: {implicit: 0, pageLoad: 300000, script: 30000}, unhandledPromptBehavior: dismiss and notify, webauthn:extension:credBlob: true, webauthn:extension:largeBlob: true, webauthn:virtualAuthenticators: true}
Session ID: 8f099bac28cd16db0a62b2e4ca1e46dc
2022-07-04 16:23:51 INFO  ScreenShot - ScreenShot captured HLDAPHomeLoanOverdraftNonIndividual || Status :Fail
2022-07-04 16:24:23 INFO  CommonMethods - Row num for TestScenario = HLDAPHomeLoanOverdraftNonIndividual is = 20
2022-07-04 16:24:25 INFO  ExcelOperation - Write to excel with : Row=20 | Cell =3 | Data =Fail
2022-07-04 16:55:22 INFO  SetUp - Test Case_CRMHLLeadgeneration_Successfully Started
2022-07-04 16:55:29 INFO  SetUp - Test Case_CRMHLLeadgeneration_get Skipped as its Runmode is 'NO' 
2022-07-04 16:55:29 INFO  SetUp - Test Case_SecuredCCDap_Successfully Started
2022-07-04 16:56:12 INFO  SetUp - Test Case_SecuredCCDap_get Skipped as its Runmode is 'NO' 
2022-07-04 16:56:12 INFO  SetUp - Test Case_HLDAPHomeLoanSalariedIndian_Successfully Started
2022-07-04 16:56:20 INFO  SetUp - Test Case_HLDAPHomeLoanSalariedIndian_get Skipped as its Runmode is 'NO' 
2022-07-04 16:56:20 INFO  SetUp - Test Case_HLDAPHomeLoanSalariedNRI_Successfully Started
2022-07-04 16:56:30 INFO  SetUp - Test Case_HLDAPHomeLoanSalariedNRI_get Skipped as its Runmode is 'NO' 
2022-07-04 16:56:30 INFO  SetUp - Test Case_HLDAPHomeLoanIndividual_Successfully Started
2022-07-04 16:56:42 INFO  SetUp - Test Case_HLDAPHomeLoanIndividual_get Skipped as its Runmode is 'NO' 
2022-07-04 16:56:42 INFO  SetUp - Test Case_HLDAPHomeLoanNonIndividual_Successfully Started
2022-07-04 16:56:56 INFO  SetUp - Test Case_HLDAPHomeLoanNonIndividual_get Skipped as its Runmode is 'NO' 
2022-07-04 16:56:56 INFO  SetUp - Test Case_HLDAPBalanceTransferSalariedIndian_Successfully Started
2022-07-04 16:57:09 INFO  SetUp - Test Case_HLDAPBalanceTransferSalariedIndian_get Skipped as its Runmode is 'NO' 
2022-07-04 16:57:09 INFO  SetUp - Test Case_HLDAPBalanceTransferSalariedNRI_Successfully Started
2022-07-04 16:57:25 INFO  SetUp - Test Case_HLDAPBalanceTransferSalariedNRI_get Skipped as its Runmode is 'NO' 
2022-07-04 16:57:25 INFO  SetUp - Test Case_HLDAPBalanceTransferIndividual_Successfully Started
2022-07-04 16:57:41 INFO  SetUp - Test Case_HLDAPBalanceTransferIndividual_get Skipped as its Runmode is 'NO' 
2022-07-04 16:57:41 INFO  SetUp - Test Case_HLDAPBalanceTransferNonIndividual_Successfully Started
2022-07-04 16:57:59 INFO  SetUp - Test Case_HLDAPBalanceTransferNonIndividual_get Skipped as its Runmode is 'NO' 
2022-07-04 16:57:59 INFO  SetUp - Test Case_HLDAPOnlyTopUpSalariedIndian_Successfully Started
2022-07-04 16:58:19 INFO  SetUp - Test Case_HLDAPOnlyTopUpSalariedIndian_get Skipped as its Runmode is 'NO' 
2022-07-04 16:58:19 INFO  SetUp - Test Case_HLDAPOnlyTopUpSalariedNRI_Successfully Started
2022-07-04 16:58:41 INFO  SetUp - Test Case_HLDAPOnlyTopUpSalariedNRI_get Skipped as its Runmode is 'NO' 
2022-07-04 16:58:41 INFO  SetUp - Test Case_HLDAPOnlyTopUpIndividual_Successfully Started
2022-07-04 16:59:02 INFO  SetUp - Test Case_HLDAPOnlyTopUpIndividual_get Skipped as its Runmode is 'NO' 
2022-07-04 16:59:02 INFO  SetUp - Test Case_HLDAPOnlyTopUpNonIndividual_Successfully Started
2022-07-04 16:59:28 INFO  SetUp - Test Case_HLDAPOnlyTopUpNonIndividual_get Skipped as its Runmode is 'NO' 
2022-07-04 16:59:28 INFO  SetUp - Test Case_HLDAPKotakSmartHomeSalariedIndian_Successfully Started
2022-07-04 16:59:53 INFO  SetUp - Test Case_HLDAPKotakSmartHomeSalariedIndian_get Skipped as its Runmode is 'NO' 
2022-07-04 16:59:53 INFO  SetUp - Test Case_HLDAPKotakSmartHomeSalariedNRI_Successfully Started
2022-07-04 17:00:21 INFO  SetUp - Test Case_HLDAPKotakSmartHomeSalariedNRI_get Skipped as its Runmode is 'NO' 
2022-07-04 17:00:21 INFO  SetUp - Test Case_HLDAPKotakSmartHomeIndividual_Successfully Started
2022-07-04 17:00:49 INFO  SetUp - Test Case_HLDAPKotakSmartHomeIndividual_get Skipped as its Runmode is 'NO' 
2022-07-04 17:00:49 INFO  SetUp - Test Case_HLDAPHomeLoanOverdraftSalariedIndian_Successfully Started
2022-07-04 17:01:22 INFO  SetUp - Test Case_HLDAPHomeLoanOverdraftSalariedIndian_get Skipped as its Runmode is 'NO' 
2022-07-04 17:01:22 INFO  SetUp - Test Case_HLDAPHomeLoanOverdraftIndividual_Successfully Started
2022-07-04 17:01:54 INFO  SetUp - Test Case_HLDAPHomeLoanOverdraftIndividual_get Skipped as its Runmode is 'NO' 
2022-07-04 17:01:54 INFO  SetUp - Test Case_HLDAPHomeLoanOverdraftNonIndividual_Successfully Started
2022-07-04 17:02:31 INFO  WebDriverManager - Using chromedriver 103.0.5060.53 (resolved driver for Chrome 103)
2022-07-04 17:02:31 INFO  WebDriverManager - Exporting webdriver.chrome.driver as C:\Users\Vrunda Vibhute\.cache\selenium\chromedriver\win32\103.0.5060.53\chromedriver.exe
2022-07-04 17:02:33 INFO  SetUp - Chrome Browser Launched..
2022-07-04 17:02:35 INFO  SetUp - URL : https://kmb.crmnext.com/sng7/app/login/login
2022-07-04 17:02:40 INFO  CommonMethods - Data Sucessfully entered on User Name = HLSARM
2022-07-04 17:02:47 INFO  CommonMethods - Data Sucessfully entered on Password = acid_qa
2022-07-04 17:02:54 INFO  ScreenShot - ScreenShot captured Intiate_HLSales_DAP || Status :Pass
2022-07-04 17:03:54 INFO  CommonMethods - Swiched to Child window name : Customer Digital Journey || URL :https://kmb.crmnext.com/sng7/vividkotak/vividflow/run/hl_salaried_process#LoaderPage
2022-07-04 17:03:57 INFO  HLDAPIntialJourney - URL for user = HLSARM ||https://kmb.crmnext.com/sng7/vividkotak/vividflow/run/hl_salaried_process#LoaderPage?userId=1353
2022-07-04 17:03:57 INFO  HLDAPIntialJourney - Select Product type customer is interested in?
2022-07-04 17:03:57 INFO  HLDAPIntialJourney - Product to select from excel sheet : Home Loan Overdraft
2022-07-04 17:03:57 INFO  ScreenShot - ScreenShot captured Product_Selection_Screen || Status :Pass
2022-07-04 17:04:06 INFO  HLDAPIntialJourney - [[ChromeDriver: chrome on WINDOWS (33c458645e7072aea14dd5ea15ee960f)] -> xpath: //div[@name='MainContainer'] //div] Product get selected and naviagte to next screen
2022-07-04 17:04:10 INFO  HLDAPIntialJourney - Sub Source Selection screen open..
2022-07-04 17:04:10 INFO  HLDAPIntialJourney - Header of screen : Select Sub-Source details of Lead
2022-07-04 17:04:13 INFO  CommonMethods - RM : Data Sucessfully Selected from dropdown 
2022-07-04 17:04:13 INFO  ScreenShot - ScreenShot captured SubSource_Selection_Screen || Status :Pass
2022-07-04 17:04:17 INFO  HLDAPIntialJourney - Header of screen : Is the applicant Salaried or Self-employed?
2022-07-04 17:04:19 INFO  HLDAPIntialJourney - Applicant Type Selection screen open..
2022-07-04 17:04:19 INFO  HLDAPIntialJourney - Applicant Type to select from excel sheet : Self employed
2022-07-04 17:04:19 INFO  ScreenShot - ScreenShot captured ApplicantType_Selection_Screen || Status :Pass
2022-07-04 17:04:24 INFO  HLDAPIntialJourney - [[ChromeDriver: chrome on WINDOWS (33c458645e7072aea14dd5ea15ee960f)] -> xpath: //div[@name='Parent1Container']/child::div //button] Applicant Type get selected and naviagte to next screen
2022-07-04 17:04:29 INFO  HLDAPIntialJourney - Is the applicant Individual or Non-individual?
2022-07-04 17:04:30 INFO  HLDAPIntialJourney - Self Employed Type to select from excel sheet : Non-Individual
2022-07-04 17:04:30 INFO  ScreenShot - ScreenShot captured SelfEmpType_Selection_Screen || Status :Pass
2022-07-04 17:04:31 INFO  HLDAPIntialJourney - Non-Individual Self Employed Type get selected 
2022-07-04 17:04:32 INFO  HLDAPIntialJourney - Self Employed Non Individual Applicant selected.. 
2022-07-04 17:04:34 INFO  CommonMethods - Pvt Ltd : Data Sucessfully Selected from dropdown 
2022-07-04 17:04:42 INFO  CommonMethods - Data Sucessfully entered on Enter Entity Name = V Creations
2022-07-04 17:04:48 INFO  CommonMethods - Data Sucessfully entered on Enter Name of point of contact = Vrunda Vibhute
2022-07-04 17:04:55 INFO  CommonMethods - Data Sucessfully entered on Enter Mobile No. = 9879879707
2022-07-04 17:05:00 INFO  CommonMethods - Female : Data Sucessfully Selected from dropdown 
2022-07-04 17:05:01 INFO  HLDAPIntialJourney - Applicant is NTB type, so select DOI and Proceed.
2022-07-04 17:05:12 INFO  CommonMethods - July : Data Sucessfully Selected from dropdown 
2022-07-04 17:05:16 INFO  CommonMethods - 1991 : Data Sucessfully Selected from dropdown 
2022-07-04 17:05:17 INFO  HLDAPIntialJourney - Date :30 get selected
2022-07-04 17:05:28 INFO  ScreenShot - ScreenShot captured OTPWaitingScreen || Status :Pass
2022-07-04 17:05:28 INFO  HLDAPIntialJourney - OTP Verification started
2022-07-04 17:05:43 INFO  CommonMethods - Data Sucessfully entered on  = 9879879707
2022-07-04 17:05:59 INFO  ScreenShot - ScreenShot captured LeadCardView || Status :Pass
2022-07-04 17:06:01 INFO  HLDAPIntialJourney - Writing lead details excel HLDAPHomeLoanOverdraftNonInd
2022-07-04 17:06:04 INFO  ExcelOperation - Write to excel with : Row=1 | Cell =77 | Data =9879879707
2022-07-04 17:06:08 INFO  ExcelOperation - Write to excel with : Row=1 | Cell =78 | Data =00105046
2022-07-04 17:06:12 INFO  ExcelOperation - Write to excel with : Row=1 | Cell =79 | Data =Documents Pending
2022-07-04 17:06:16 INFO  ExcelOperation - Write to excel with : Row=1 | Cell =80 | Data =04/07/2022 4:22 PM
2022-07-04 17:06:22 INFO  ScreenShot - ScreenShot captured LeadDetailView || Status :Pass
2022-07-04 17:06:22 INFO  HLDAPIntialJourney - SMS = Dear Customer, Please click on the link https://kmb.crmnext.com/sng7/vividkotak/vividflow/run/hl_otp?LeadId=6F5F166456116EA4&CheckSum=53738267 to authenticate the mobile No. and to proceed with your online Kotak Home Loan application.
2022-07-04 17:06:22 INFO  HLDAPIntialJourney - OTP/Consent Verification link : https://kmb.crmnext.com/sng7/vividkotak/vividflow/run/hl_otp?LeadId=6F5F166456116EA4&CheckSum=53738267
2022-07-04 17:06:25 INFO  HLDAPIntialJourney - OTP Notification :OTP has been sent to your registered mobile number
2022-07-04 17:06:26 INFO  ScreenShot - ScreenShot captured OTPVerification || Status :Pass
2022-07-04 17:06:35 INFO  HLDAPIntialJourney - Please wait while the OTP is being verified
2022-07-04 17:07:46 ERROR SetUp - HLDAPHomeLoanOverdraftNonIndividual Get Failed due to 
Expected condition failed: waiting for visibility of Proxy element for: DefaultElementLocator 'By.xpath: //div[@name='App_Container']/span' (tried for 70 second(s) with 500 milliseconds interval)
2022-07-04 17:07:46 INFO  ScreenShot - ScreenShot captured HLDAPHomeLoanOverdraftNonIndividual || Status :Fail
2022-07-04 17:08:23 INFO  CommonMethods - Row num for TestScenario = HLDAPHomeLoanOverdraftNonIndividual is = 20
2022-07-04 17:08:25 INFO  ExcelOperation - Write to excel with : Row=20 | Cell =3 | Data =Fail
