2022-06-24 12:28:42 INFO  SetUp - Test Case_CRMHLLeadgeneration_Successfully Started
2022-06-24 12:28:44 INFO  SetUp - Test Case_CRMHLLeadgeneration_get Skipped as its Runmode is 'NO' 
2022-06-24 12:28:45 INFO  SetUp - Test Case_SecuredCCDap_Successfully Started
2022-06-24 12:28:47 INFO  SetUp - Test Case_SecuredCCDap_get Skipped as its Runmode is 'NO' 
2022-06-24 12:28:47 INFO  SetUp - Test Case_HLDAPSalariedHomeloanIndian_Successfully Started
2022-06-24 12:28:47 INFO  SetUp - Test Case_HLDAPSalariedHomeloanIndian_get Skipped as its Runmode is 'NO' 
2022-06-24 12:28:47 INFO  SetUp - Test Case_HLDAPSalariedHomeloanNRI_Successfully Started
2022-06-24 12:28:48 INFO  SetUp - Test Case_HLDAPSalariedHomeloanNRI_get Skipped as its Runmode is 'NO' 
2022-06-24 12:28:48 INFO  SetUp - Test Case_HLDAPSelfEmpIndividualHomeloan_Successfully Started
2022-06-24 12:28:48 INFO  SetUp - Test Case_HLDAPSelfEmpIndividualHomeloan_get Skipped as its Runmode is 'NO' 
2022-06-24 12:28:48 INFO  SetUp - Test Case_HLDAPSelfEmpNonIndividualHomeloan_Successfully Started
2022-06-24 12:28:49 INFO  SetUp - Test Case_HLDAPSelfEmpNonIndividualHomeloan_get Skipped as its Runmode is 'NO' 
2022-06-24 12:28:49 INFO  SetUp - Test Case_HLDAPSalariedBalanceTransferInd_Successfully Started
2022-06-24 12:28:50 INFO  SetUp - Test Case_HLDAPSalariedBalanceTransferInd_get Skipped as its Runmode is 'NO' 
2022-06-24 12:28:50 INFO  SetUp - Test Case_HLDAPSalariedBalancetransferNRI_Successfully Started
2022-06-24 12:29:01 INFO  WebDriverManager - Using chromedriver 102.0.5005.61 (resolved driver for Chrome 102)
2022-06-24 12:29:01 INFO  WebDriverManager - Exporting webdriver.chrome.driver as C:\Users\Vrunda Vibhute\.cache\selenium\chromedriver\win32\102.0.5005.61\chromedriver.exe
2022-06-24 12:29:04 INFO  SetUp - Chrome Browser Launched..
2022-06-24 12:29:12 INFO  SetUp - URL : https://kmb.crmnext.com/sng7/app/login/login
2022-06-24 12:29:14 INFO  CommonMethods - Data Sucessfully entered on User Name = HLSARM
2022-06-24 12:29:16 INFO  CommonMethods - Data Sucessfully entered on Password = acid_qa
2022-06-24 12:29:26 INFO  ScreenShot - ScreenShot captured Intiate_HLSales_DAP || Status :Pass
2022-06-24 12:29:34 INFO  CommonMethods - Swiched to Child window name : Customer Digital Journey || URL :https://kmb.crmnext.com/sng7/vividkotak/vividflow/run/hl_salaried_process#PS
2022-06-24 12:29:34 INFO  HLDAPIntialJourney - URL for user = HLSARM ||https://kmb.crmnext.com/sng7/vividkotak/vividflow/run/hl_salaried_process#PS?userId=1353
2022-06-24 12:29:36 INFO  HLDAPIntialJourney - Select Product type customer is interested in?
2022-06-24 12:29:36 INFO  HLDAPIntialJourney - Product to select from excel sheet : Balance Transfer/BT+Top up
2022-06-24 12:29:36 INFO  ScreenShot - ScreenShot captured Product_Selection_Screen || Status :Pass
2022-06-24 12:29:43 INFO  HLDAPIntialJourney - [[ChromeDriver: chrome on WINDOWS (bcebab54a81b08f405f5192b92845be3)] -> xpath: //div[@name='MainContainer'] //div] Product get selected and naviagte to next screen
2022-06-24 12:29:49 INFO  HLDAPIntialJourney - Sub Source Selection screen open..
2022-06-24 12:29:49 INFO  HLDAPIntialJourney - Header of screen : Select Sub-Source details of Lead
2022-06-24 12:29:51 INFO  CommonMethods - RM : Data Sucessfully Selected from dropdown 
2022-06-24 12:29:51 INFO  ScreenShot - ScreenShot captured SubSource_Selection_Screen || Status :Pass
2022-06-24 12:29:53 INFO  HLDAPIntialJourney - Header of screen : Is the applicant Salaried or Self-employed?
2022-06-24 12:29:53 INFO  HLDAPIntialJourney - Applicant Type Selection screen open..
2022-06-24 12:29:53 INFO  HLDAPIntialJourney - Applicant Type to select from excel sheet : Salaried
2022-06-24 12:29:54 INFO  ScreenShot - ScreenShot captured ApplicantType_Selection_Screen || Status :Pass
2022-06-24 12:29:58 INFO  HLDAPIntialJourney - [[ChromeDriver: chrome on WINDOWS (bcebab54a81b08f405f5192b92845be3)] -> xpath: //div[@name='Parent1Container']/child::div //button] Applicant Type get selected and naviagte to next screen
2022-06-24 12:30:04 INFO  HLDAPIntialJourney - Header of screen : Check if applicant is an Existing customer and has a PA offer?
2022-06-24 12:30:06 INFO  CommonMethods - Data Sucessfully entered on Enter Mobile No. = 9879879816
2022-06-24 12:30:09 INFO  CommonMethods - Data Sucessfully entered on Enter Mobile No. = 9879879816
2022-06-24 12:30:09 INFO  HLDAPIntialJourney - Applicant is NTB type, so select DOB and Proceed.
2022-06-24 12:30:14 INFO  CommonMethods - April : Data Sucessfully Selected from dropdown 
2022-06-24 12:30:16 INFO  CommonMethods - 1991 : Data Sucessfully Selected from dropdown 
2022-06-24 12:30:19 INFO  HLDAPIntialJourney - Date :30 get selected
2022-06-24 12:30:24 INFO  CommonMethods - Data Sucessfully entered on Applicant Name = Vrunda Vibhute
2022-06-24 12:30:25 INFO  HLDAPIntialJourney - NTB Applicant name is :Vrunda Vibhute
2022-06-24 12:30:28 INFO  CommonMethods - Female : Data Sucessfully Selected from dropdown 
2022-06-24 12:30:30 INFO  CommonMethods - Data Sucessfully entered on Enter Email ID = autoHLNewLead@gmail.com
2022-06-24 12:30:30 INFO  HLDAPIntialJourney - NTB Applicant email id =autoHLNewLead@gmail.com
2022-06-24 12:30:32 INFO  ScreenShot - ScreenShot captured MOB_DOB_Screen || Status :Pass
2022-06-24 12:30:52 INFO  ScreenShot - ScreenShot captured OTPWaitingScreen || Status :Pass
2022-06-24 12:30:52 INFO  HLDAPIntialJourney - OTP Verification started
2022-06-24 12:31:00 INFO  CommonMethods - Data Sucessfully entered on  = 9879879816
2022-06-24 12:31:01 INFO  HLDAPIntialJourney - List of Lead IDs = []
2022-06-24 12:31:01 ERROR HLDAPIntialJourney - Exception while seaching recent Lead =null
2022-06-24 12:31:02 INFO  ScreenShot - ScreenShot captured LeadCardView || Status :Pass
2022-06-24 12:31:02 INFO  HLDAPIntialJourney - Writing lead details excel HLDAPSalariedBalanceTransferNRI
2022-06-24 12:31:34 INFO  ExcelOperation - Write to excel with : Row=1 | Cell =84 | Data =9879879816
2022-06-24 12:31:39 INFO  ExcelOperation - Write to excel with : Row=1 | Cell =85 | Data =00104612
2022-06-24 12:31:42 INFO  ExcelOperation - Write to excel with : Row=1 | Cell =86 | Data =Documents Pending
2022-06-24 12:31:46 INFO  ExcelOperation - Write to excel with : Row=1 | Cell =87 | Data =24/06/2022 12:30 PM
2022-06-24 12:31:54 INFO  ScreenShot - ScreenShot captured LeadDetailView || Status :Pass
2022-06-24 12:31:54 INFO  HLDAPIntialJourney - SMS = Dear Customer, Please click on the link https://kmb.crmnext.com/sng7/vividkotak/vividflow/run/hl_otp?LeadId=4A11034C1FD5115A&CheckSum=82809099 to authenticate the mobile No. and to proceed with your online Kotak Home Loan application.
2022-06-24 12:31:54 INFO  HLDAPIntialJourney - OTP/Consent Verification link : https://kmb.crmnext.com/sng7/vividkotak/vividflow/run/hl_otp?LeadId=4A11034C1FD5115A&CheckSum=82809099
2022-06-24 12:32:01 INFO  HLDAPIntialJourney - OTP Notification :OTP has been sent to your registered mobile number
2022-06-24 12:32:03 INFO  ScreenShot - ScreenShot captured OTPVerification || Status :Pass
2022-06-24 12:32:23 INFO  HLDAPIntialJourney - Select Applicants Resident Type
2022-06-24 12:32:29 INFO  HLDAPIntialJourney - NRI get selected
2022-06-24 12:32:34 INFO  CommonMethods - Data Sucessfully entered on  = Indonesia
2022-06-24 12:33:53 INFO  CommonMethods - Data Sucessfully entered on  = Jakarta
2022-06-24 12:33:55 INFO  ScreenShot - ScreenShot captured NRIResidentScreen || Status :Pass
2022-06-24 12:34:07 INFO  HLDAPIntialJourney - NRI Applicants Reference Details
2022-06-24 12:34:13 INFO  CommonMethods - Data Sucessfully entered on Enter Reference name = Ram K
2022-06-24 12:34:17 INFO  CommonMethods - Daughter : Data Sucessfully Selected from dropdown 
2022-06-24 12:34:20 INFO  CommonMethods - Female : Data Sucessfully Selected from dropdown 
2022-06-24 12:34:24 INFO  CommonMethods - Data Sucessfully entered on Enter Mobile number = 9988899888
2022-06-24 12:34:26 INFO  ScreenShot - ScreenShot captured NRIRefDetails || Status :Pass
2022-06-24 12:34:36 INFO  HLDAPIntialJourney - Reference Communication Details
2022-06-24 12:34:41 INFO  CommonMethods - Data Sucessfully entered on Enter Address = A-302, Dahisar Sagar Chs, Near Western express highway
2022-06-24 12:34:47 INFO  CommonMethods - Data Sucessfully entered on Enter Address = Dahisar East
2022-06-24 12:34:52 INFO  CommonMethods - Data Sucessfully entered on  = Mumbai
2022-06-24 12:36:13 INFO  CommonMethods - Data Sucessfully entered on  = 400002
2022-06-24 12:36:14 INFO  ScreenShot - ScreenShot captured NRIRefCommDetails || Status :Pass
2022-06-24 12:36:21 INFO  ScreenShot - ScreenShot captured DigitalInprincipleSaction || Status :Pass
2022-06-24 12:36:26 INFO  ScreenShot - ScreenShot captured UserConsentScreen || Status :Pass
2022-06-24 12:36:34 INFO  ScreenShot - ScreenShot captured ConsentWaitingScreen || Status :Pass
2022-06-24 12:36:36 INFO  HLDAPModulesJourney - Consent Approval started
2022-06-24 12:36:45 INFO  CommonMethods - Data Sucessfully entered on  = 9879879816
2022-06-24 12:36:48 INFO  HLDAPIntialJourney - List of Lead IDs = [104046, 104296, 104347, 104349, 104375, 104402, 104517, 104549]
2022-06-24 12:36:48 INFO  HLDAPIntialJourney - Recent Lead ID  = 104549
2022-06-24 12:36:50 INFO  ScreenShot - ScreenShot captured LeadCardView || Status :Pass
2022-06-24 12:36:51 INFO  HLDAPIntialJourney - Writing lead details excel HLDAPSalariedBalanceTransferNRI
2022-06-24 12:36:58 INFO  ExcelOperation - Write to excel with : Row=1 | Cell =84 | Data =9879879816
2022-06-24 12:37:02 INFO  ExcelOperation - Write to excel with : Row=1 | Cell =85 | Data =00104612
2022-06-24 12:37:05 INFO  ExcelOperation - Write to excel with : Row=1 | Cell =86 | Data =Documents Pending
2022-06-24 12:37:08 INFO  ExcelOperation - Write to excel with : Row=1 | Cell =87 | Data =24/06/2022 12:36 PM
2022-06-24 12:37:13 INFO  ScreenShot - ScreenShot captured LeadDetailView || Status :Pass
2022-06-24 12:37:13 INFO  HLDAPIntialJourney - SMS = Dear Customer, Please click on the link https://kmb.crmnext.com/sng7/vividkotak/vividflow/run/HL_Consent?LeadId=4A11034C1FD5115A&CheckSum=74882667 to record various Consents to proceed with your online Kotak Home Loan application.
2022-06-24 12:37:13 INFO  HLDAPIntialJourney - OTP/Consent Verification link : https://kmb.crmnext.com/sng7/vividkotak/vividflow/run/HL_Consent?LeadId=4A11034C1FD5115A&CheckSum=74882667
2022-06-24 12:37:17 INFO  ScreenShot - ScreenShot captured LeadConsentScreen || Status :Pass
2022-06-24 12:37:17 INFO  HLDAPModulesJourney - Terms & Conditions
1. I hereby authorize kotak Mahindra Bank to verify my Pan number from NSDL site.
2. I authorize bank (including its representatives, affiliates and its business partners) to contact me via Email or phone call or SMS and offer me your services for the product I have opted for, imparting knowledge offer promotional offers running on the bank and offers by its business partners and assoicated third parties, for which purpose my information may be collected in the manner as detailed herein. I hereby agree that I authorize the bank to contact me for the above mentioned purposes even If I have registered myself under DND or DNC or NCPR services and that this consent shall prevail over such registrations.
3. I authorize the bank ,its group companies and their agents to exchange or share all information relating to me and my repayments history with banks , financial institutions , credit bureaus, agencies ,statutory bodies etc. as may be required or they deem fit.
4. I hereby give my consent to receive a link for Employment verification from Banks partner Karza on my provided Mobile No. to validate my employment details through EPFO.
5. I hereby provide my consent and acceptance to submit my Bank statements for verification and credit due diligence to Banks partner agency Perfios to process my online loan application.
6. I provide my consent to receive communication on my whatsapp No.
2022-06-24 12:37:25 INFO  ScreenShot - ScreenShot captured ConsentApprovalScreen || Status :Pass
2022-06-24 12:37:34 INFO  HLDAPModulesJourney - Just Few Basic Steps For Digital Sanction
2022-06-24 12:37:38 INFO  CommonMethods - Data Sucessfully entered on Enter Address 1 = A-302, Dahisar Sagar Chs, Near Western express highway
2022-06-24 12:37:44 INFO  CommonMethods - Data Sucessfully entered on Enter Address 2 = Dahisar East
2022-06-24 12:37:45 INFO  CommonMethods - Value of WebElement :Mumbai
2022-06-24 12:37:55 INFO  HLDAPModulesJourney - Income Details
2022-06-24 12:38:00 INFO  CommonMethods - Data Sucessfully entered on ?                                per month = 200000
2022-06-24 12:38:02 INFO  CommonMethods - Value of WebElement :200000
2022-06-24 12:38:02 INFO  HLDAPModulesJourney - Applicant's Net Salary = 200000
2022-06-24 12:38:03 INFO  HLDAPModulesJourney - Add another source of income
Adding income from multiple source
will increase your eligibility
2022-06-24 12:38:08 INFO  CommonMethods - Data Sucessfully entered on ?                                per month = 20000
2022-06-24 12:38:09 INFO  CommonMethods - Value of WebElement :20000
2022-06-24 12:38:09 INFO  HLDAPModulesJourney - Additional Income = 20000
2022-06-24 12:38:09 INFO  HLDAPModulesJourney - Add current EMI payment if any
2022-06-24 12:38:14 INFO  CommonMethods - Data Sucessfully entered on ?                                per month = 20000
2022-06-24 12:38:16 INFO  CommonMethods - Value of WebElement :20000
2022-06-24 12:38:16 INFO  HLDAPModulesJourney - Current EMI = 20000
2022-06-24 12:38:16 INFO  ScreenShot - ScreenShot captured IncomeDetailsScreen || Status :Pass
2022-06-24 12:38:32 INFO  HLDAPBalanceTransfer - Provide applicant current Home loan details
2022-06-24 12:38:36 INFO  CommonMethods - BANK OF MAHARASHTRA : Data Sucessfully Selected from dropdown 
2022-06-24 12:38:40 INFO  CommonMethods - Data Sucessfully entered on ? = 3000000
2022-06-24 12:38:41 INFO  CommonMethods - Value of WebElement :3000000
2022-06-24 12:38:41 INFO  HLDAPBalanceTransfer - Outstanding loan amount = 3000000
2022-06-24 12:38:46 INFO  CommonMethods - Data Sucessfully entered on ? = 3200000
2022-06-24 12:38:47 INFO  CommonMethods - Value of WebElement :3200000
2022-06-24 12:38:47 INFO  HLDAPBalanceTransfer - Purchase price of property = 3200000
2022-06-24 12:38:51 INFO  CommonMethods - Data Sucessfully entered on ?                                                   per month = 20000
2022-06-24 12:38:53 INFO  CommonMethods - Value of WebElement :20000
2022-06-24 12:38:53 INFO  HLDAPBalanceTransfer - EMI Paid currently = 20000
2022-06-24 12:38:57 INFO  CommonMethods - Data Sucessfully entered on ?                                                         in year = 4
2022-06-24 12:38:59 INFO  CommonMethods - Value of WebElement :4
2022-06-24 12:38:59 INFO  HLDAPBalanceTransfer - Outstanding Tenure = 4
2022-06-24 12:39:01 INFO  CommonMethods - Residential : Data Sucessfully Selected from dropdown 
2022-06-24 12:39:01 INFO  ScreenShot - ScreenShot captured BalanceTransferSreen || Status :Pass
2022-06-24 12:39:06 INFO  HLDAPBalanceTransfer - Choose Balance transfer plan
2022-06-24 12:39:07 INFO  HLDAPBalanceTransfer - Balance Transfer Plan : Applicant wants top up in addition to balance tranfers
Or just a balance transfer?
2022-06-24 12:39:13 INFO  CommonMethods - Data Sucessfully entered on ? = 500000
2022-06-24 12:39:15 INFO  CommonMethods - Value of WebElement :500000
2022-06-24 12:39:15 INFO  HLDAPBalanceTransfer - Required Top-Up Amount = 500000
2022-06-24 12:39:15 INFO  ScreenShot - ScreenShot captured BalanceTransferPlanScrren || Status :Pass
2022-06-24 12:39:23 INFO  ScreenShot - ScreenShot captured CrossSellScreen || Status :Pass
2022-06-24 12:39:26 INFO  ScreenShot - AShot captured EligibilityScreen || Status :Pass
2022-06-24 12:39:27 ERROR SetUp - HLDAPSalariedBalancetransferNRI Get Failed due to 
null
2022-06-24 12:39:27 INFO  ScreenShot - ScreenShot captured HLDAPSalariedBalancetransferNRI || Status :Fail
2022-06-24 12:39:27 INFO  SetUp - Test Case_HLDAPSalariedOnlyTopupIndian_Successfully Started
2022-06-24 12:39:44 INFO  SetUp - Test Case_HLDAPSalariedOnlyTopupIndian_get Skipped as its Runmode is 'NO' 
2022-06-24 12:39:45 INFO  SetUp - Test Case_HLDAPSalariedOnlyTopupNRI_Successfully Started
2022-06-24 12:40:03 INFO  SetUp - Test Case_HLDAPSalariedOnlyTopupNRI_get Skipped as its Runmode is 'NO' 
2022-06-24 15:35:21 INFO  SetUp - Test Case_CRMHLLeadgeneration_Successfully Started
2022-06-24 15:35:22 INFO  SetUp - Test Case_CRMHLLeadgeneration_get Skipped as its Runmode is 'NO' 
2022-06-24 15:35:23 INFO  SetUp - Test Case_SecuredCCDap_Successfully Started
2022-06-24 15:35:24 INFO  SetUp - Test Case_SecuredCCDap_get Skipped as its Runmode is 'NO' 
2022-06-24 15:35:24 INFO  SetUp - Test Case_HLDAPSalariedHomeloanIndian_Successfully Started
2022-06-24 15:35:25 INFO  SetUp - Test Case_HLDAPSalariedHomeloanIndian_get Skipped as its Runmode is 'NO' 
2022-06-24 15:35:25 INFO  SetUp - Test Case_HLDAPSalariedHomeloanNRI_Successfully Started
2022-06-24 15:35:25 INFO  SetUp - Test Case_HLDAPSalariedHomeloanNRI_get Skipped as its Runmode is 'NO' 
2022-06-24 15:35:25 INFO  SetUp - Test Case_HLDAPSelfEmpIndividualHomeloan_Successfully Started
2022-06-24 15:35:25 INFO  SetUp - Test Case_HLDAPSelfEmpIndividualHomeloan_get Skipped as its Runmode is 'NO' 
2022-06-24 15:35:25 INFO  SetUp - Test Case_HLDAPSelfEmpNonIndividualHomeloan_Successfully Started
2022-06-24 15:35:26 INFO  SetUp - Test Case_HLDAPSelfEmpNonIndividualHomeloan_get Skipped as its Runmode is 'NO' 
2022-06-24 15:35:26 INFO  SetUp - Test Case_HLDAPSalariedBalanceTransferInd_Successfully Started
2022-06-24 15:35:26 INFO  SetUp - Test Case_HLDAPSalariedBalanceTransferInd_get Skipped as its Runmode is 'NO' 
2022-06-24 15:35:26 INFO  SetUp - Test Case_HLDAPSalariedBalancetransferNRI_Successfully Started
2022-06-24 15:35:31 INFO  WebDriverManager - Using chromedriver 102.0.5005.61 (resolved driver for Chrome 102)
2022-06-24 15:35:31 INFO  WebDriverManager - Exporting webdriver.chrome.driver as C:\Users\Vrunda Vibhute\.cache\selenium\chromedriver\win32\102.0.5005.61\chromedriver.exe
2022-06-24 15:35:33 INFO  SetUp - Chrome Browser Launched..
2022-06-24 15:35:35 INFO  SetUp - URL : https://kmb.crmnext.com/sng7/app/login/login
2022-06-24 15:35:37 INFO  CommonMethods - Data Sucessfully entered on User Name = HLSARM
2022-06-24 15:35:38 INFO  CommonMethods - Data Sucessfully entered on Password = acid_qa
2022-06-24 15:35:48 INFO  ScreenShot - ScreenShot captured Intiate_HLSales_DAP || Status :Pass
2022-06-24 15:36:07 INFO  CommonMethods - Swiched to Child window name : Customer Digital Journey || URL :https://kmb.crmnext.com/sng7/vividkotak/vividflow/run/hl_salaried_process#LoaderPage
2022-06-24 15:36:07 INFO  HLDAPIntialJourney - URL for user = HLSARM ||https://kmb.crmnext.com/sng7/vividkotak/vividflow/run/hl_salaried_process#LoaderPage?userId=1353
2022-06-24 15:36:09 INFO  HLDAPIntialJourney - Select Product type customer is interested in?
2022-06-24 15:36:09 INFO  HLDAPIntialJourney - Product to select from excel sheet : Balance Transfer/BT+Top up
2022-06-24 15:36:09 INFO  ScreenShot - ScreenShot captured Product_Selection_Screen || Status :Pass
2022-06-24 15:36:15 INFO  HLDAPIntialJourney - [[ChromeDriver: chrome on WINDOWS (57781c08b0f606902afeb9cab7e4ec96)] -> xpath: //div[@name='MainContainer'] //div] Product get selected and naviagte to next screen
2022-06-24 15:36:18 INFO  HLDAPIntialJourney - Sub Source Selection screen open..
2022-06-24 15:36:18 INFO  HLDAPIntialJourney - Header of screen : Select Sub-Source details of Lead
2022-06-24 15:36:19 INFO  CommonMethods - RM : Data Sucessfully Selected from dropdown 
2022-06-24 15:36:19 INFO  ScreenShot - ScreenShot captured SubSource_Selection_Screen || Status :Pass
2022-06-24 15:36:22 INFO  HLDAPIntialJourney - Header of screen : Is the applicant Salaried or Self-employed?
2022-06-24 15:36:22 INFO  HLDAPIntialJourney - Applicant Type Selection screen open..
2022-06-24 15:36:22 INFO  HLDAPIntialJourney - Applicant Type to select from excel sheet : Salaried
2022-06-24 15:36:22 INFO  ScreenShot - ScreenShot captured ApplicantType_Selection_Screen || Status :Pass
2022-06-24 15:36:27 INFO  HLDAPIntialJourney - [[ChromeDriver: chrome on WINDOWS (57781c08b0f606902afeb9cab7e4ec96)] -> xpath: //div[@name='Parent1Container']/child::div //button] Applicant Type get selected and naviagte to next screen
2022-06-24 15:36:29 INFO  HLDAPIntialJourney - Header of screen : Check if applicant is an Existing customer and has a PA offer?
2022-06-24 15:36:31 INFO  CommonMethods - Data Sucessfully entered on Enter Mobile No. = 9879879816
2022-06-24 15:36:34 INFO  CommonMethods - Data Sucessfully entered on Enter Mobile No. = 9879879816
2022-06-24 15:36:34 INFO  HLDAPIntialJourney - Applicant is NTB type, so select DOB and Proceed.
2022-06-24 15:36:38 INFO  CommonMethods - April : Data Sucessfully Selected from dropdown 
2022-06-24 15:36:41 INFO  CommonMethods - 1991 : Data Sucessfully Selected from dropdown 
2022-06-24 15:36:43 INFO  HLDAPIntialJourney - Date :30 get selected
2022-06-24 15:36:47 INFO  CommonMethods - Data Sucessfully entered on Applicant Name = Vrunda Vibhute
2022-06-24 15:36:48 INFO  HLDAPIntialJourney - NTB Applicant name is :Vrunda Vibhute
2022-06-24 15:36:51 INFO  CommonMethods - Female : Data Sucessfully Selected from dropdown 
2022-06-24 15:36:53 INFO  CommonMethods - Data Sucessfully entered on Enter Email ID = autoHLNewLead@gmail.com
2022-06-24 15:36:53 INFO  HLDAPIntialJourney - NTB Applicant email id =autoHLNewLead@gmail.com
2022-06-24 15:36:54 INFO  ScreenShot - ScreenShot captured MOB_DOB_Screen || Status :Pass
2022-06-24 15:37:00 INFO  ScreenShot - ScreenShot captured OTPWaitingScreen || Status :Pass
2022-06-24 15:37:00 INFO  HLDAPIntialJourney - OTP Verification started
2022-06-24 15:37:09 INFO  CommonMethods - Data Sucessfully entered on  = 9879879816
2022-06-24 15:37:15 INFO  ScreenShot - ScreenShot captured LeadCardView || Status :Pass
2022-06-24 15:37:15 INFO  HLDAPIntialJourney - Writing lead details excel HLDAPSalariedBalanceTransferNRI
2022-06-24 15:38:11 INFO  ExcelOperation - Write to excel with : Row=1 | Cell =84 | Data =9879879816
2022-06-24 15:38:16 INFO  ExcelOperation - Write to excel with : Row=1 | Cell =85 | Data =00104628
2022-06-24 15:38:19 INFO  ExcelOperation - Write to excel with : Row=1 | Cell =86 | Data =Documents Pending
2022-06-24 15:38:23 INFO  ExcelOperation - Write to excel with : Row=1 | Cell =87 | Data =24/06/2022 3:36 PM
2022-06-24 15:38:28 INFO  ScreenShot - ScreenShot captured LeadDetailView || Status :Pass
2022-06-24 15:38:28 INFO  HLDAPIntialJourney - SMS = Dear Customer, Please click on the link https://kmb.crmnext.com/sng7/vividkotak/vividflow/run/hl_otp?LeadId=F4F7CE70EF819B78&CheckSum=41148698 to authenticate the mobile No. and to proceed with your online Kotak Home Loan application.
2022-06-24 15:38:28 INFO  HLDAPIntialJourney - OTP/Consent Verification link : https://kmb.crmnext.com/sng7/vividkotak/vividflow/run/hl_otp?LeadId=F4F7CE70EF819B78&CheckSum=41148698
2022-06-24 15:38:33 INFO  HLDAPIntialJourney - OTP Notification :OTP has been sent to your registered mobile number
2022-06-24 15:38:35 INFO  ScreenShot - ScreenShot captured OTPVerification || Status :Pass
2022-06-24 15:38:46 INFO  HLDAPIntialJourney - Select Applicants Resident Type
2022-06-24 15:38:47 INFO  HLDAPIntialJourney - NRI get selected
2022-06-24 15:38:52 INFO  CommonMethods - Data Sucessfully entered on  = Indonesia
2022-06-24 15:40:11 INFO  CommonMethods - Data Sucessfully entered on  = Jakarta
2022-06-24 15:40:12 INFO  ScreenShot - ScreenShot captured NRIResidentScreen || Status :Pass
2022-06-24 15:40:26 INFO  HLDAPIntialJourney - NRI Applicants Reference Details
2022-06-24 15:40:31 INFO  CommonMethods - Data Sucessfully entered on Enter Reference name = Ram K
2022-06-24 15:40:35 INFO  CommonMethods - Daughter : Data Sucessfully Selected from dropdown 
2022-06-24 15:40:37 INFO  CommonMethods - Female : Data Sucessfully Selected from dropdown 
2022-06-24 15:40:41 INFO  CommonMethods - Data Sucessfully entered on Enter Mobile number = 9988899888
2022-06-24 15:40:42 INFO  ScreenShot - ScreenShot captured NRIRefDetails || Status :Pass
2022-06-24 15:40:49 INFO  HLDAPIntialJourney - Reference Communication Details
2022-06-24 15:40:53 INFO  CommonMethods - Data Sucessfully entered on Enter Address = A-302, Dahisar Sagar Chs, Near Western express highway
2022-06-24 15:40:58 INFO  CommonMethods - Data Sucessfully entered on Enter Address = Dahisar East
2022-06-24 15:41:03 INFO  CommonMethods - Data Sucessfully entered on  = Mumbai
2022-06-24 15:42:23 INFO  CommonMethods - Data Sucessfully entered on  = 400002
2022-06-24 15:42:24 INFO  ScreenShot - ScreenShot captured NRIRefCommDetails || Status :Pass
2022-06-24 15:42:33 INFO  ScreenShot - ScreenShot captured DigitalInprincipleSaction || Status :Pass
2022-06-24 15:42:36 INFO  ScreenShot - ScreenShot captured UserConsentScreen || Status :Pass
2022-06-24 15:42:41 INFO  ScreenShot - ScreenShot captured ConsentWaitingScreen || Status :Pass
2022-06-24 15:42:43 INFO  HLDAPModulesJourney - Consent Approval started
2022-06-24 15:42:51 INFO  CommonMethods - Data Sucessfully entered on  = 9879879816
2022-06-24 15:42:57 INFO  ScreenShot - ScreenShot captured LeadCardView || Status :Pass
2022-06-24 15:42:59 INFO  HLDAPIntialJourney - Writing lead details excel HLDAPSalariedBalanceTransferNRI
2022-06-24 15:43:19 INFO  ExcelOperation - Write to excel with : Row=1 | Cell =84 | Data =9879879816
2022-06-24 15:43:23 INFO  ExcelOperation - Write to excel with : Row=1 | Cell =85 | Data =00104628
2022-06-24 15:43:27 INFO  ExcelOperation - Write to excel with : Row=1 | Cell =86 | Data =Documents Pending
2022-06-24 15:43:31 INFO  ExcelOperation - Write to excel with : Row=1 | Cell =87 | Data =24/06/2022 3:42 PM
2022-06-24 15:43:36 INFO  ScreenShot - ScreenShot captured LeadDetailView || Status :Pass
2022-06-24 15:43:37 INFO  HLDAPIntialJourney - SMS = Dear Customer, Please click on the link https://kmb.crmnext.com/sng7/vividkotak/vividflow/run/HL_Consent?LeadId=F4F7CE70EF819B78&CheckSum=92501888 to record various Consents to proceed with your online Kotak Home Loan application.
2022-06-24 15:43:37 INFO  HLDAPIntialJourney - OTP/Consent Verification link : https://kmb.crmnext.com/sng7/vividkotak/vividflow/run/HL_Consent?LeadId=F4F7CE70EF819B78&CheckSum=92501888
2022-06-24 15:43:40 INFO  ScreenShot - ScreenShot captured LeadConsentScreen || Status :Pass
2022-06-24 15:43:40 INFO  HLDAPModulesJourney - Terms & Conditions
1. I hereby authorize kotak Mahindra Bank to verify my Pan number from NSDL site.
2. I authorize bank (including its representatives, affiliates and its business partners) to contact me via Email or phone call or SMS and offer me your services for the product I have opted for, imparting knowledge offer promotional offers running on the bank and offers by its business partners and assoicated third parties, for which purpose my information may be collected in the manner as detailed herein. I hereby agree that I authorize the bank to contact me for the above mentioned purposes even If I have registered myself under DND or DNC or NCPR services and that this consent shall prevail over such registrations.
3. I authorize the bank ,its group companies and their agents to exchange or share all information relating to me and my repayments history with banks , financial institutions , credit bureaus, agencies ,statutory bodies etc. as may be required or they deem fit.
4. I hereby give my consent to receive a link for Employment verification from Banks partner Karza on my provided Mobile No. to validate my employment details through EPFO.
5. I hereby provide my consent and acceptance to submit my Bank statements for verification and credit due diligence to Banks partner agency Perfios to process my online loan application.
6. I provide my consent to receive communication on my whatsapp No.
2022-06-24 15:43:47 INFO  ScreenShot - ScreenShot captured ConsentApprovalScreen || Status :Pass
2022-06-24 15:43:53 INFO  HLDAPModulesJourney - Just Few Basic Steps For Digital Sanction
2022-06-24 15:43:57 INFO  CommonMethods - Data Sucessfully entered on Enter Address 1 = A-302, Dahisar Sagar Chs, Near Western express highway
2022-06-24 15:44:02 INFO  CommonMethods - Data Sucessfully entered on Enter Address 2 = Dahisar East
2022-06-24 15:44:04 INFO  CommonMethods - Value of WebElement :Mumbai
2022-06-24 15:44:13 INFO  HLDAPModulesJourney - Income Details
2022-06-24 15:44:18 INFO  CommonMethods - Data Sucessfully entered on ?                                per month = 200000
2022-06-24 15:44:20 INFO  CommonMethods - Value of WebElement :200000
2022-06-24 15:44:20 INFO  HLDAPModulesJourney - Applicant's Net Salary = 200000
2022-06-24 15:44:21 INFO  HLDAPModulesJourney - Add another source of income
Adding income from multiple source
will increase your eligibility
2022-06-24 15:44:25 INFO  CommonMethods - Data Sucessfully entered on ?                                per month = 20000
2022-06-24 15:44:27 INFO  CommonMethods - Value of WebElement :20000
2022-06-24 15:44:27 INFO  HLDAPModulesJourney - Additional Income = 20000
2022-06-24 15:44:27 INFO  HLDAPModulesJourney - Add current EMI payment if any
2022-06-24 15:44:32 INFO  CommonMethods - Data Sucessfully entered on ?                                per month = 20000
2022-06-24 15:44:33 INFO  CommonMethods - Value of WebElement :20000
2022-06-24 15:44:33 INFO  HLDAPModulesJourney - Current EMI = 20000
2022-06-24 15:44:33 INFO  ScreenShot - ScreenShot captured IncomeDetailsScreen || Status :Pass
2022-06-24 15:44:52 INFO  HLDAPBalanceTransfer - Provide applicant current Home loan details
2022-06-24 15:44:54 ERROR CommonMethods - Not able to select from dropdown [[ChromeDriver: chrome on WINDOWS (57781c08b0f606902afeb9cab7e4ec96)] -> xpath: //div[@name="Home_Container"] //select]
2022-06-24 15:44:58 INFO  CommonMethods - Data Sucessfully entered on ? = 3000000
2022-06-24 15:45:00 INFO  CommonMethods - Value of WebElement :
2022-06-24 15:45:00 INFO  HLDAPBalanceTransfer - Outstanding loan amount = 
2022-06-24 15:45:04 INFO  CommonMethods - Data Sucessfully entered on ? = 3200000
2022-06-24 15:45:05 INFO  CommonMethods - Value of WebElement :3200000
2022-06-24 15:45:05 INFO  HLDAPBalanceTransfer - Purchase price of property = 3200000
2022-06-24 15:45:09 INFO  CommonMethods - Data Sucessfully entered on ?                                                   per month = 20000
2022-06-24 15:45:11 INFO  CommonMethods - Value of WebElement :20000
2022-06-24 15:45:11 INFO  HLDAPBalanceTransfer - EMI Paid currently = 20000
2022-06-24 15:45:15 INFO  CommonMethods - Data Sucessfully entered on ?                                                         in year = 4
2022-06-24 15:45:16 INFO  CommonMethods - Value of WebElement :4
2022-06-24 15:45:16 INFO  HLDAPBalanceTransfer - Outstanding Tenure = 4
2022-06-24 15:45:19 INFO  CommonMethods - Residential : Data Sucessfully Selected from dropdown 
2022-06-24 15:45:19 INFO  ScreenShot - ScreenShot captured BalanceTransferSreen || Status :Pass
2022-06-24 15:45:34 INFO  HLDAPBalanceTransfer - Choose Balance transfer plan
2022-06-24 15:45:35 INFO  HLDAPBalanceTransfer - Balance Transfer Plan : Applicant wants top up in addition to balance tranfers
Or just a balance transfer?
2022-06-24 15:45:41 INFO  CommonMethods - Data Sucessfully entered on ? = 500000
2022-06-24 15:45:42 INFO  CommonMethods - Value of WebElement :500000
2022-06-24 15:45:42 INFO  HLDAPBalanceTransfer - Required Top-Up Amount = 500000
2022-06-24 15:45:42 INFO  ScreenShot - ScreenShot captured BalanceTransferPlanScrren || Status :Pass
2022-06-24 15:45:51 INFO  ScreenShot - ScreenShot captured CrossSellScreen || Status :Pass
2022-06-24 15:46:05 INFO  ScreenShot - AShot captured EligibilityScreen || Status :Pass
2022-06-24 15:46:07 INFO  HLDAPEndJourney - Eligibility Screen Option to Proceed :Continue to Sanction Letter
2022-06-24 15:46:18 INFO  ScreenShot - ScreenShot captured ProcessingFee || Status :Pass
2022-06-24 15:46:18 INFO  HLDAPEndJourney - Collect PF from Applicant
2022-06-24 15:46:18 INFO  HLDAPEndJourney - PF amount: RS
20650
2022-06-24 15:47:50 INFO  HLDAPEndJourney - Fill few additional details to generate Application Form digitally *
2022-06-24 15:47:50 INFO  HLDAPEndJourney - References
2022-06-24 15:47:51 ERROR SetUp - HLDAPSalariedBalancetransferNRI Get Failed due to 
null
2022-06-24 15:47:51 INFO  ScreenShot - ScreenShot captured HLDAPSalariedBalancetransferNRI || Status :Fail
2022-06-24 15:47:51 INFO  SetUp - Test Case_HLDAPSalariedOnlyTopupIndian_Successfully Started
2022-06-24 15:48:05 INFO  SetUp - Test Case_HLDAPSalariedOnlyTopupIndian_get Skipped as its Runmode is 'NO' 
2022-06-24 15:48:05 INFO  SetUp - Test Case_HLDAPSalariedOnlyTopupNRI_Successfully Started
2022-06-24 15:48:21 INFO  SetUp - Test Case_HLDAPSalariedOnlyTopupNRI_get Skipped as its Runmode is 'NO' 
2022-06-24 16:13:25 INFO  SetUp - Test Case_CRMHLLeadgeneration_Successfully Started
2022-06-24 16:13:30 INFO  SetUp - Test Case_CRMHLLeadgeneration_get Skipped as its Runmode is 'NO' 
2022-06-24 16:13:30 INFO  SetUp - Test Case_SecuredCCDap_Successfully Started
2022-06-24 16:13:49 INFO  SetUp - Test Case_SecuredCCDap_get Skipped as its Runmode is 'NO' 
2022-06-24 16:13:49 INFO  SetUp - Test Case_HLDAPSalariedHomeloanIndian_Successfully Started
2022-06-24 16:13:54 INFO  SetUp - Test Case_HLDAPSalariedHomeloanIndian_get Skipped as its Runmode is 'NO' 
2022-06-24 16:13:54 INFO  SetUp - Test Case_HLDAPSalariedHomeloanNRI_Successfully Started
2022-06-24 16:14:00 INFO  SetUp - Test Case_HLDAPSalariedHomeloanNRI_get Skipped as its Runmode is 'NO' 
2022-06-24 16:14:00 INFO  SetUp - Test Case_HLDAPSelfEmpIndividualHomeloan_Successfully Started
2022-06-24 16:14:07 INFO  SetUp - Test Case_HLDAPSelfEmpIndividualHomeloan_get Skipped as its Runmode is 'NO' 
2022-06-24 16:14:08 INFO  SetUp - Test Case_HLDAPSelfEmpNonIndividualHomeloan_Successfully Started
2022-06-24 16:14:16 INFO  SetUp - Test Case_HLDAPSelfEmpNonIndividualHomeloan_get Skipped as its Runmode is 'NO' 
2022-06-24 16:14:16 INFO  SetUp - Test Case_HLDAPSalariedBalanceTransferInd_Successfully Started
2022-06-24 16:14:25 INFO  SetUp - Test Case_HLDAPSalariedBalanceTransferInd_get Skipped as its Runmode is 'NO' 
2022-06-24 16:14:25 INFO  SetUp - Test Case_HLDAPSalariedBalancetransferNRI_Successfully Started
2022-06-24 16:14:36 INFO  WebDriverManager - Using chromedriver 102.0.5005.61 (resolved driver for Chrome 102)
2022-06-24 16:14:36 INFO  WebDriverManager - Exporting webdriver.chrome.driver as C:\Users\Vrunda Vibhute\.cache\selenium\chromedriver\win32\102.0.5005.61\chromedriver.exe
2022-06-24 16:14:38 INFO  SetUp - Chrome Browser Launched..
2022-06-24 16:14:42 INFO  SetUp - URL : https://kmb.crmnext.com/sng7/app/login/login
2022-06-24 16:14:47 INFO  CommonMethods - Data Sucessfully entered on User Name = HLSARM
2022-06-24 16:14:52 INFO  CommonMethods - Data Sucessfully entered on Password = acid_qa
2022-06-24 16:15:13 INFO  ScreenShot - ScreenShot captured Intiate_HLSales_DAP || Status :Pass
2022-06-24 16:15:32 INFO  CommonMethods - Swiched to Child window name : Customer Digital Journey || URL :https://kmb.crmnext.com/sng7/vividkotak/vividflow/run/hl_salaried_process#LoaderPage
2022-06-24 16:15:33 INFO  HLDAPIntialJourney - URL for user = HLSARM ||https://kmb.crmnext.com/sng7/vividkotak/vividflow/run/hl_salaried_process#LoaderPage?userId=1353
2022-06-24 16:15:44 INFO  HLDAPIntialJourney - Select Product type customer is interested in?
2022-06-24 16:15:44 INFO  HLDAPIntialJourney - Product to select from excel sheet : Balance Transfer/BT+Top up
2022-06-24 16:15:44 INFO  ScreenShot - ScreenShot captured Product_Selection_Screen || Status :Pass
2022-06-24 16:15:50 INFO  HLDAPIntialJourney - [[ChromeDriver: chrome on WINDOWS (080e0476b16c475ce6f186ba62d9ea14)] -> xpath: //div[@name='MainContainer'] //div] Product get selected and naviagte to next screen
2022-06-24 16:16:14 INFO  HLDAPIntialJourney - Sub Source Selection screen open..
2022-06-24 16:16:14 INFO  HLDAPIntialJourney - Header of screen : Select Sub-Source details of Lead
2022-06-24 16:16:16 ERROR CommonMethods - Not able to select from dropdown [[ChromeDriver: chrome on WINDOWS (080e0476b16c475ce6f186ba62d9ea14)] -> xpath: //div[@name='ContainercityResiInd'] //select]
2022-06-24 16:16:16 INFO  ScreenShot - ScreenShot captured SubSource_Selection_Screen || Status :Pass
2022-06-24 16:16:38 INFO  HLDAPIntialJourney - Header of screen : Is the applicant Salaried or Self-employed?
2022-06-24 16:16:39 INFO  HLDAPIntialJourney - Applicant Type Selection screen open..
2022-06-24 16:16:39 INFO  HLDAPIntialJourney - Applicant Type to select from excel sheet : Salaried
2022-06-24 16:16:39 INFO  ScreenShot - ScreenShot captured ApplicantType_Selection_Screen || Status :Pass
2022-06-24 16:16:46 INFO  HLDAPIntialJourney - [[ChromeDriver: chrome on WINDOWS (080e0476b16c475ce6f186ba62d9ea14)] -> xpath: //div[@name='Parent1Container']/child::div //button] Applicant Type get selected and naviagte to next screen
2022-06-24 16:16:50 INFO  HLDAPIntialJourney - Header of screen : Check if applicant is an Existing customer and has a PA offer?
2022-06-24 16:16:55 INFO  CommonMethods - Data Sucessfully entered on Enter Mobile No. = 9879879816
2022-06-24 16:17:01 INFO  CommonMethods - Data Sucessfully entered on Enter Mobile No. = 9879879816
2022-06-24 16:17:03 INFO  HLDAPIntialJourney - Applicant is NTB type, so select DOB and Proceed.
2022-06-24 16:17:12 INFO  CommonMethods - April : Data Sucessfully Selected from dropdown 
2022-06-24 16:17:15 INFO  CommonMethods - 1991 : Data Sucessfully Selected from dropdown 
2022-06-24 16:17:17 INFO  HLDAPIntialJourney - Date :30 get selected
2022-06-24 16:17:21 ERROR SetUp - HLDAPSalariedBalancetransferNRI Get Failed due to 
no such element: Unable to locate element: {"method":"xpath","selector":"//div[@name='Mob_Popup_Proceed']/preceding::div[13] //input"}
  (Session info: chrome=102.0.5005.115)
For documentation on this error, please visit: https://selenium.dev/exceptions/#no_such_element
Build info: version: '4.1.0', revision: '87802e897b'
System info: host: 'VRUNDAV', ip: '192.168.1.100', os.name: 'Windows 10', os.arch: 'amd64', os.version: '10.0', java.version: '11'
Driver info: org.openqa.selenium.chrome.ChromeDriver
Command: [080e0476b16c475ce6f186ba62d9ea14, findElement {using=xpath, value=//div[@name='Mob_Popup_Proceed']/preceding::div[13] //input}]
Capabilities {acceptInsecureCerts: false, browserName: chrome, browserVersion: 102.0.5005.115, chrome: {chromedriverVersion: 102.0.5005.61 (0e59bcc00cc4..., userDataDir: C:\Users\VRUNDA~1\AppData\L...}, goog:chromeOptions: {debuggerAddress: localhost:53037}, javascriptEnabled: true, networkConnectionEnabled: false, pageLoadStrategy: normal, platform: WINDOWS, platformName: WINDOWS, proxy: Proxy(), se:cdp: ws://localhost:53037/devtoo..., se:cdpVersion: 102.0.5005.115, setWindowRect: true, strictFileInteractability: false, timeouts: {implicit: 0, pageLoad: 300000, script: 30000}, unhandledPromptBehavior: dismiss and notify, webauthn:extension:credBlob: true, webauthn:extension:largeBlob: true, webauthn:virtualAuthenticators: true}
Session ID: 080e0476b16c475ce6f186ba62d9ea14
2022-06-24 16:17:21 INFO  ScreenShot - ScreenShot captured HLDAPSalariedBalancetransferNRI || Status :Fail
2022-06-24 16:17:21 INFO  SetUp - Test Case_HLDAPSalariedOnlyTopupIndian_Successfully Started
2022-06-24 16:17:36 INFO  SetUp - Test Case_HLDAPSalariedOnlyTopupIndian_get Skipped as its Runmode is 'NO' 
2022-06-24 16:17:36 INFO  SetUp - Test Case_HLDAPSalariedOnlyTopupNRI_Successfully Started
2022-06-24 16:17:52 INFO  SetUp - Test Case_HLDAPSalariedOnlyTopupNRI_get Skipped as its Runmode is 'NO' 
2022-06-24 16:30:51 INFO  SetUp - Test Case_CRMHLLeadgeneration_Successfully Started
2022-06-24 16:30:57 INFO  SetUp - Test Case_CRMHLLeadgeneration_get Skipped as its Runmode is 'NO' 
2022-06-24 16:30:57 INFO  SetUp - Test Case_SecuredCCDap_Successfully Started
2022-06-24 16:31:19 INFO  SetUp - Test Case_SecuredCCDap_get Skipped as its Runmode is 'NO' 
2022-06-24 16:31:19 INFO  SetUp - Test Case_HLDAPSalariedHomeloanIndian_Successfully Started
2022-06-24 16:31:25 INFO  SetUp - Test Case_HLDAPSalariedHomeloanIndian_get Skipped as its Runmode is 'NO' 
2022-06-24 16:31:25 INFO  SetUp - Test Case_HLDAPSalariedHomeloanNRI_Successfully Started
2022-06-24 16:31:32 INFO  SetUp - Test Case_HLDAPSalariedHomeloanNRI_get Skipped as its Runmode is 'NO' 
2022-06-24 16:31:32 INFO  SetUp - Test Case_HLDAPSelfEmpIndividualHomeloan_Successfully Started
2022-06-24 16:31:41 INFO  SetUp - Test Case_HLDAPSelfEmpIndividualHomeloan_get Skipped as its Runmode is 'NO' 
2022-06-24 16:31:41 INFO  SetUp - Test Case_HLDAPSelfEmpNonIndividualHomeloan_Successfully Started
2022-06-24 16:31:51 INFO  SetUp - Test Case_HLDAPSelfEmpNonIndividualHomeloan_get Skipped as its Runmode is 'NO' 
2022-06-24 16:31:51 INFO  SetUp - Test Case_HLDAPSalariedBalanceTransferInd_Successfully Started
2022-06-24 16:32:02 INFO  SetUp - Test Case_HLDAPSalariedBalanceTransferInd_get Skipped as its Runmode is 'NO' 
2022-06-24 16:32:02 INFO  SetUp - Test Case_HLDAPSalariedBalancetransferNRI_Successfully Started
2022-06-24 16:32:15 INFO  WebDriverManager - Using chromedriver 102.0.5005.61 (resolved driver for Chrome 102)
2022-06-24 16:32:15 INFO  WebDriverManager - Exporting webdriver.chrome.driver as C:\Users\Vrunda Vibhute\.cache\selenium\chromedriver\win32\102.0.5005.61\chromedriver.exe
2022-06-24 16:32:17 INFO  SetUp - Chrome Browser Launched..
2022-06-24 16:32:22 INFO  SetUp - URL : https://kmb.crmnext.com/sng7/app/login/login
2022-06-24 16:32:27 INFO  CommonMethods - Data Sucessfully entered on User Name = HLSARM
2022-06-24 16:32:33 INFO  CommonMethods - Data Sucessfully entered on Password = acid_qa
2022-06-24 16:32:43 INFO  ScreenShot - ScreenShot captured Intiate_HLSales_DAP || Status :Pass
2022-06-24 16:32:56 INFO  CommonMethods - Swiched to Child window name : Customer Digital Journey || URL :https://kmb.crmnext.com/sng7/vividkotak/vividflow/run/hl_salaried_process#LoaderPage
2022-06-24 16:32:58 INFO  HLDAPIntialJourney - URL for user = HLSARM ||https://kmb.crmnext.com/sng7/vividkotak/vividflow/run/hl_salaried_process#LoaderPage?userId=1353
2022-06-24 16:32:59 INFO  HLDAPIntialJourney - Select Product type customer is interested in?
2022-06-24 16:32:59 INFO  HLDAPIntialJourney - Product to select from excel sheet : Balance Transfer/BT+Top up
2022-06-24 16:32:59 INFO  ScreenShot - ScreenShot captured Product_Selection_Screen || Status :Pass
2022-06-24 16:33:06 INFO  HLDAPIntialJourney - [[ChromeDriver: chrome on WINDOWS (cfbd394d734cb5406595c1fd8fbeea75)] -> xpath: //div[@name='MainContainer'] //div] Product get selected and naviagte to next screen
2022-06-24 16:33:09 INFO  HLDAPIntialJourney - Sub Source Selection screen open..
2022-06-24 16:33:09 INFO  HLDAPIntialJourney - Header of screen : Select Sub-Source details of Lead
2022-06-24 16:33:11 INFO  CommonMethods - RM : Data Sucessfully Selected from dropdown 
2022-06-24 16:33:12 INFO  ScreenShot - ScreenShot captured SubSource_Selection_Screen || Status :Pass
2022-06-24 16:33:14 INFO  HLDAPIntialJourney - Header of screen : Is the applicant Salaried or Self-employed?
2022-06-24 16:33:15 INFO  HLDAPIntialJourney - Applicant Type Selection screen open..
2022-06-24 16:33:15 INFO  HLDAPIntialJourney - Applicant Type to select from excel sheet : Salaried
2022-06-24 16:33:15 INFO  ScreenShot - ScreenShot captured ApplicantType_Selection_Screen || Status :Pass
2022-06-24 16:33:20 INFO  HLDAPIntialJourney - [[ChromeDriver: chrome on WINDOWS (cfbd394d734cb5406595c1fd8fbeea75)] -> xpath: //div[@name='Parent1Container']/child::div //button] Applicant Type get selected and naviagte to next screen
2022-06-24 16:33:23 INFO  HLDAPIntialJourney - Header of screen : Check if applicant is an Existing customer and has a PA offer?
2022-06-24 16:33:27 INFO  CommonMethods - Data Sucessfully entered on Enter Mobile No. = 9879879816
2022-06-24 16:33:35 INFO  CommonMethods - Data Sucessfully entered on Enter Mobile No. = 9879879816
2022-06-24 16:33:38 INFO  HLDAPIntialJourney - Applicant is NTB type, so select DOB and Proceed.
2022-06-24 16:33:47 INFO  CommonMethods - April : Data Sucessfully Selected from dropdown 
2022-06-24 16:33:52 INFO  CommonMethods - 1991 : Data Sucessfully Selected from dropdown 
2022-06-24 16:33:54 INFO  HLDAPIntialJourney - Date :30 get selected
2022-06-24 16:34:01 INFO  CommonMethods - Data Sucessfully entered on Applicant Name = Vrunda Vibhute
2022-06-24 16:34:04 INFO  HLDAPIntialJourney - NTB Applicant name is :Vrunda Vibhute
2022-06-24 16:34:07 INFO  CommonMethods - Female : Data Sucessfully Selected from dropdown 
2022-06-24 16:34:12 INFO  CommonMethods - Data Sucessfully entered on Enter Email ID = autoHLNewLead@gmail.com
2022-06-24 16:34:14 INFO  HLDAPIntialJourney - NTB Applicant email id =autoHLNewLead@gmail.com
2022-06-24 16:34:15 INFO  ScreenShot - ScreenShot captured MOB_DOB_Screen || Status :Pass
2022-06-24 16:34:21 INFO  ScreenShot - ScreenShot captured OTPWaitingScreen || Status :Pass
2022-06-24 16:34:21 INFO  HLDAPIntialJourney - OTP Verification started
2022-06-24 16:34:37 INFO  CommonMethods - Data Sucessfully entered on  = 9879879816
2022-06-24 16:34:44 INFO  ScreenShot - ScreenShot captured LeadCardView || Status :Pass
2022-06-24 16:34:45 INFO  HLDAPIntialJourney - Writing lead details excel HLDAPSalariedBalanceTransferNRI
2022-06-24 16:35:15 INFO  ExcelOperation - Write to excel with : Row=1 | Cell =84 | Data =9879879816
2022-06-24 16:35:19 INFO  ExcelOperation - Write to excel with : Row=1 | Cell =85 | Data =00104637
2022-06-24 16:35:22 INFO  ExcelOperation - Write to excel with : Row=1 | Cell =86 | Data =Documents Pending
2022-06-24 16:35:26 INFO  ExcelOperation - Write to excel with : Row=1 | Cell =87 | Data =24/06/2022 4:34 PM
2022-06-24 16:35:32 INFO  ScreenShot - ScreenShot captured LeadDetailView || Status :Pass
2022-06-24 16:35:32 INFO  HLDAPIntialJourney - SMS = Dear Customer, Please click on the link https://kmb.crmnext.com/sng7/vividkotak/vividflow/run/hl_otp?LeadId=FB545C631FDBE4C3&CheckSum=7627756 to authenticate the mobile No. and to proceed with your online Kotak Home Loan application.
2022-06-24 16:35:32 INFO  HLDAPIntialJourney - OTP/Consent Verification link : https://kmb.crmnext.com/sng7/vividkotak/vividflow/run/hl_otp?LeadId=FB545C631FDBE4C3&CheckSum=7627756
2022-06-24 16:35:37 INFO  HLDAPIntialJourney - OTP Notification :OTP has been sent to your registered mobile number
2022-06-24 16:35:39 INFO  ScreenShot - ScreenShot captured OTPVerification || Status :Pass
2022-06-24 16:35:52 INFO  HLDAPIntialJourney - Select Applicants Resident Type
2022-06-24 16:35:53 INFO  HLDAPIntialJourney - NRI get selected
2022-06-24 16:35:58 INFO  CommonMethods - Data Sucessfully entered on  = Indonesia
2022-06-24 16:37:17 INFO  CommonMethods - Data Sucessfully entered on  = Jakarta
2022-06-24 16:37:18 INFO  ScreenShot - ScreenShot captured NRIResidentScreen || Status :Pass
2022-06-24 16:37:34 INFO  HLDAPIntialJourney - NRI Applicants Reference Details
2022-06-24 16:37:39 INFO  CommonMethods - Data Sucessfully entered on Enter Reference name = Ram K
2022-06-24 16:37:43 INFO  CommonMethods - Daughter : Data Sucessfully Selected from dropdown 
2022-06-24 16:37:46 INFO  CommonMethods - Female : Data Sucessfully Selected from dropdown 
2022-06-24 16:37:50 INFO  CommonMethods - Data Sucessfully entered on Enter Mobile number = 9988899888
2022-06-24 16:37:52 INFO  ScreenShot - ScreenShot captured NRIRefDetails || Status :Pass
2022-06-24 16:37:58 INFO  HLDAPIntialJourney - Reference Communication Details
2022-06-24 16:38:03 INFO  CommonMethods - Data Sucessfully entered on Enter Address = A-302, Dahisar Sagar Chs, Near Western express highway
2022-06-24 16:38:09 INFO  CommonMethods - Data Sucessfully entered on Enter Address = Dahisar East
2022-06-24 16:38:14 INFO  CommonMethods - Data Sucessfully entered on  = Mumbai
2022-06-24 16:39:35 INFO  CommonMethods - Data Sucessfully entered on  = 400002
2022-06-24 16:39:36 INFO  ScreenShot - ScreenShot captured NRIRefCommDetails || Status :Pass
2022-06-24 16:39:45 INFO  ScreenShot - ScreenShot captured DigitalInprincipleSaction || Status :Pass
2022-06-24 16:39:48 INFO  ScreenShot - ScreenShot captured UserConsentScreen || Status :Pass
2022-06-24 16:39:52 INFO  ScreenShot - ScreenShot captured ConsentWaitingScreen || Status :Pass
2022-06-24 16:39:54 INFO  HLDAPModulesJourney - Consent Approval started
2022-06-24 16:40:03 INFO  CommonMethods - Data Sucessfully entered on  = 9879879816
2022-06-24 16:40:12 INFO  ScreenShot - ScreenShot captured LeadCardView || Status :Pass
2022-06-24 16:40:14 INFO  HLDAPIntialJourney - Writing lead details excel HLDAPSalariedBalanceTransferNRI
2022-06-24 16:40:16 INFO  ExcelOperation - Write to excel with : Row=1 | Cell =84 | Data =9879879816
2022-06-24 16:40:20 INFO  ExcelOperation - Write to excel with : Row=1 | Cell =85 | Data =00104637
2022-06-24 16:40:23 INFO  ExcelOperation - Write to excel with : Row=1 | Cell =86 | Data =Documents Pending
2022-06-24 16:40:27 INFO  ExcelOperation - Write to excel with : Row=1 | Cell =87 | Data =24/06/2022 4:39 PM
2022-06-24 16:40:32 INFO  ScreenShot - ScreenShot captured LeadDetailView || Status :Pass
2022-06-24 16:40:32 INFO  HLDAPIntialJourney - SMS = Dear Customer, Please click on the link https://kmb.crmnext.com/sng7/vividkotak/vividflow/run/HL_Consent?LeadId=FB545C631FDBE4C3&CheckSum=42499023 to record various Consents to proceed with your online Kotak Home Loan application.
2022-06-24 16:40:32 INFO  HLDAPIntialJourney - OTP/Consent Verification link : https://kmb.crmnext.com/sng7/vividkotak/vividflow/run/HL_Consent?LeadId=FB545C631FDBE4C3&CheckSum=42499023
2022-06-24 16:40:36 INFO  ScreenShot - ScreenShot captured LeadConsentScreen || Status :Pass
2022-06-24 16:40:36 INFO  HLDAPModulesJourney - Terms & Conditions
1. I hereby authorize kotak Mahindra Bank to verify my Pan number from NSDL site.
2. I authorize bank (including its representatives, affiliates and its business partners) to contact me via Email or phone call or SMS and offer me your services for the product I have opted for, imparting knowledge offer promotional offers running on the bank and offers by its business partners and assoicated third parties, for which purpose my information may be collected in the manner as detailed herein. I hereby agree that I authorize the bank to contact me for the above mentioned purposes even If I have registered myself under DND or DNC or NCPR services and that this consent shall prevail over such registrations.
3. I authorize the bank ,its group companies and their agents to exchange or share all information relating to me and my repayments history with banks , financial institutions , credit bureaus, agencies ,statutory bodies etc. as may be required or they deem fit.
4. I hereby give my consent to receive a link for Employment verification from Banks partner Karza on my provided Mobile No. to validate my employment details through EPFO.
5. I hereby provide my consent and acceptance to submit my Bank statements for verification and credit due diligence to Banks partner agency Perfios to process my online loan application.
6. I provide my consent to receive communication on my whatsapp No.
2022-06-24 16:40:42 INFO  ScreenShot - ScreenShot captured ConsentApprovalScreen || Status :Pass
2022-06-24 16:40:51 INFO  HLDAPModulesJourney - Just Few Basic Steps For Digital Sanction
2022-06-24 16:40:56 INFO  CommonMethods - Data Sucessfully entered on Enter Address 1 = A-302, Dahisar Sagar Chs, Near Western express highway
2022-06-24 16:41:01 INFO  CommonMethods - Data Sucessfully entered on Enter Address 2 = Dahisar East
2022-06-24 16:41:03 INFO  CommonMethods - Value of WebElement :Mumbai
2022-06-24 16:41:12 INFO  HLDAPModulesJourney - Income Details
2022-06-24 16:41:17 INFO  CommonMethods - Data Sucessfully entered on ?                                per month = 200000
2022-06-24 16:41:18 INFO  CommonMethods - Value of WebElement :200000
2022-06-24 16:41:18 INFO  HLDAPModulesJourney - Applicant's Net Salary = 200000
2022-06-24 16:41:19 INFO  HLDAPModulesJourney - Add another source of income
Adding income from multiple source
will increase your eligibility
2022-06-24 16:41:24 INFO  CommonMethods - Data Sucessfully entered on ?                                per month = 20000
2022-06-24 16:41:25 INFO  CommonMethods - Value of WebElement :20000
2022-06-24 16:41:25 INFO  HLDAPModulesJourney - Additional Income = 20000
2022-06-24 16:41:25 INFO  HLDAPModulesJourney - Add current EMI payment if any
2022-06-24 16:41:30 INFO  CommonMethods - Data Sucessfully entered on ?                                per month = 20000
2022-06-24 16:41:31 INFO  CommonMethods - Value of WebElement :20000
2022-06-24 16:41:31 INFO  HLDAPModulesJourney - Current EMI = 20000
2022-06-24 16:41:32 INFO  ScreenShot - ScreenShot captured IncomeDetailsScreen || Status :Pass
2022-06-24 16:41:39 INFO  HLDAPBalanceTransfer - Provide applicant current Home loan details
2022-06-24 16:41:43 INFO  CommonMethods - BANK OF MAHARASHTRA : Data Sucessfully Selected from dropdown 
2022-06-24 16:41:47 INFO  CommonMethods - Data Sucessfully entered on ? = 3000000
2022-06-24 16:41:48 INFO  CommonMethods - Value of WebElement :3000000
2022-06-24 16:41:48 INFO  HLDAPBalanceTransfer - Outstanding loan amount = 3000000
2022-06-24 16:41:52 INFO  CommonMethods - Data Sucessfully entered on ? = 3200000
2022-06-24 16:41:54 INFO  CommonMethods - Value of WebElement :3200000
2022-06-24 16:41:54 INFO  HLDAPBalanceTransfer - Purchase price of property = 3200000
2022-06-24 16:41:58 INFO  CommonMethods - Data Sucessfully entered on ?                                                   per month = 20000
2022-06-24 16:42:00 INFO  CommonMethods - Value of WebElement :20000
2022-06-24 16:42:00 INFO  HLDAPBalanceTransfer - EMI Paid currently = 20000
2022-06-24 16:42:03 INFO  CommonMethods - Data Sucessfully entered on ?                                                         in year = 4
2022-06-24 16:42:05 INFO  CommonMethods - Value of WebElement :4
2022-06-24 16:42:05 INFO  HLDAPBalanceTransfer - Outstanding Tenure = 4
2022-06-24 16:42:07 INFO  CommonMethods - Residential : Data Sucessfully Selected from dropdown 
2022-06-24 16:42:08 INFO  ScreenShot - ScreenShot captured BalanceTransferSreen || Status :Pass
2022-06-24 16:42:19 INFO  HLDAPBalanceTransfer - Choose Balance transfer plan
2022-06-24 16:42:19 INFO  HLDAPBalanceTransfer - Balance Transfer Plan : Applicant wants top up in addition to balance tranfers
Or just a balance transfer?
2022-06-24 16:42:25 INFO  CommonMethods - Data Sucessfully entered on ? = 500000
2022-06-24 16:42:27 INFO  CommonMethods - Value of WebElement :500000
2022-06-24 16:42:27 INFO  HLDAPBalanceTransfer - Required Top-Up Amount = 500000
2022-06-24 16:42:27 INFO  ScreenShot - ScreenShot captured BalanceTransferPlanScrren || Status :Pass
2022-06-24 16:42:31 INFO  ScreenShot - ScreenShot captured CrossSellScreen || Status :Pass
2022-06-24 16:42:41 INFO  ScreenShot - AShot captured EligibilityScreen || Status :Pass
2022-06-24 16:42:42 INFO  HLDAPEndJourney - Eligibility Screen Option to Proceed :Continue to Sanction Letter
2022-06-24 16:42:51 INFO  ScreenShot - ScreenShot captured ProcessingFee || Status :Pass
2022-06-24 16:42:51 INFO  HLDAPEndJourney - Collect PF from Applicant
2022-06-24 16:42:51 INFO  HLDAPEndJourney - PF amount: RS
20650
2022-06-24 16:44:23 INFO  HLDAPEndJourney - Fill few additional details to generate Application Form digitally *
2022-06-24 16:44:23 INFO  HLDAPEndJourney - References
2022-06-24 16:44:29 INFO  CommonMethods - Data Sucessfully entered on Enter name of 1st reference = Ram K
2022-06-24 16:44:30 INFO  CommonMethods - Value of WebElement :Ram K
2022-06-24 16:44:30 INFO  HLDAPEndJourney - First reference name = Ram K
2022-06-24 16:44:34 INFO  CommonMethods - Data Sucessfully entered on Enter mobile no. of 1st reference = 9988899888
2022-06-24 16:44:36 INFO  CommonMethods - Value of WebElement :9988899888
2022-06-24 16:44:36 INFO  HLDAPEndJourney - First refrence Mobile No  = 9988899888
2022-06-24 16:44:40 INFO  CommonMethods - Data Sucessfully entered on Enter name of 2nd reference = Sita K
2022-06-24 16:44:41 INFO  CommonMethods - Value of WebElement :Sita K
2022-06-24 16:44:41 INFO  HLDAPEndJourney - Second Reference Name = Sita K
2022-06-24 16:44:45 INFO  CommonMethods - Data Sucessfully entered on Enter mobile no. of 2nd reference = 9988899777
2022-06-24 16:44:47 INFO  CommonMethods - Value of WebElement :9988899777
2022-06-24 16:44:47 INFO  HLDAPEndJourney - Second Mobile No = 9988899777
2022-06-24 16:44:47 INFO  ScreenShot - ScreenShot captured ReferenceDetailsScreen || Status :Pass
2022-06-24 16:44:57 INFO  HLDAPEndJourney - Current Work Details
2022-06-24 16:45:01 INFO  CommonMethods - Data Sucessfully entered on Enter current work experience (in Months) = 60
2022-06-24 16:45:03 INFO  CommonMethods - Value of WebElement :60
2022-06-24 16:45:03 INFO  HLDAPEndJourney - Current Work Experience = 60
2022-06-24 16:45:07 INFO  CommonMethods - Data Sucessfully entered on Enter designation = Sinior Manager
2022-06-24 16:45:08 INFO  CommonMethods - Value of WebElement :Sinior Manager
2022-06-24 16:45:08 INFO  HLDAPEndJourney - Designation = Sinior Manager
2022-06-24 16:45:09 INFO  ScreenShot - ScreenShot captured WorkExperienceDetails || Status :Pass
2022-06-24 16:45:18 INFO  HLDAPEndJourney - Regulatory Fields
2022-06-24 16:45:23 INFO  CommonMethods - Data Sucessfully entered on  = Chaya
2022-06-24 16:45:24 INFO  CommonMethods - Value of WebElement :Chaya
2022-06-24 16:45:24 INFO  HLDAPEndJourney - Mothers Maiden Name = Chaya
2022-06-24 16:45:28 INFO  CommonMethods - Data Sucessfully entered on  = Janardan
2022-06-24 16:45:30 INFO  CommonMethods - Value of WebElement :Janardan
2022-06-24 16:45:30 INFO  HLDAPEndJourney - Fathers Name = Janardan
2022-06-24 16:45:32 INFO  CommonMethods - Married : Data Sucessfully Selected from dropdown 
2022-06-24 16:45:35 INFO  CommonMethods - Private Sector : Data Sucessfully Selected from dropdown 
2022-06-24 16:45:35 INFO  ScreenShot - ScreenShot captured RegulatoryDetailsScreen || Status :Pass
2022-06-24 16:45:41 INFO  HLDAPEndJourney - Credit Linked subsidy scheme (optional)
2022-06-24 16:45:45 INFO  HLDAPEndJourney - Annual household income is between Rs. 6 lacs to Rs.12 lacs get selected
2022-06-24 16:45:45 INFO  ScreenShot - ScreenShot captured CreditLinkSubsidyScreen || Status :Pass
2022-06-24 16:45:45 INFO  ScreenShot - ScreenShot captured CreditLinkSubsidyScreen || Status :Pass
2022-06-24 16:45:51 INFO  HLDAPEndJourney - Mandatory fields
2022-06-24 16:45:51 INFO  HLDAPEndJourney - 1st question = Do any of the applicants happen to be directors or relatives of a director of a banking company (Including Kotak Mahindra Bank & its subsidiaries)
2022-06-24 16:45:51 INFO  HLDAPEndJourney - 2nd Question = Do any of the applicants happen to be relatives of senior officers of the Bank
2022-06-24 16:45:51 INFO  HLDAPEndJourney - Yesget selected.
2022-06-24 16:45:52 INFO  HLDAPEndJourney - No get selected.
2022-06-24 16:45:53 INFO  ScreenShot - ScreenShot captured FinancialIndividualAppQuesScreen || Status :Pass
2022-06-24 16:46:05 INFO  CommonMethods - Data Sucessfully entered on Enter Name of co-applicant = Raashi
2022-06-24 16:46:07 INFO  CommonMethods - Value of WebElement :Raashi
2022-06-24 16:46:07 INFO  HLDAPEndJourney - Name of co-applicant = Raashi
2022-06-24 16:46:16 INFO  CommonMethods - April : Data Sucessfully Selected from dropdown 
2022-06-24 16:46:19 INFO  CommonMethods - 1991 : Data Sucessfully Selected from dropdown 
2022-06-24 16:46:21 INFO  HLDAPIntialJourney - Date :30 get selected
2022-06-24 16:46:24 INFO  CommonMethods - Female : Data Sucessfully Selected from dropdown 
2022-06-24 16:46:28 INFO  CommonMethods - Data Sucessfully entered on Enter Mobile No = 9898989898
2022-06-24 16:46:29 INFO  CommonMethods - Value of WebElement :9898989898
2022-06-24 16:46:29 INFO  HLDAPEndJourney - Mobile Number = 9898989898
2022-06-24 16:46:30 INFO  ScreenShot - ScreenShot captured FinancialCoAppScreen || Status :Pass
2022-06-24 16:46:44 INFO  ScreenShot - ScreenShot captured OTPWaitingScreen || Status :Pass
2022-06-24 16:46:44 INFO  HLDAPEndJourney - CoApplicant OTP Verification started
2022-06-24 16:46:52 INFO  CommonMethods - Data Sucessfully entered on  = 9879879816
2022-06-24 16:46:58 ERROR CommonMethods - Not able to click on 00104637 Due to stale element reference: element is not attached to the page document
  (Session info: chrome=102.0.5005.115)
For documentation on this error, please visit: https://selenium.dev/exceptions/#stale_element_reference
Build info: version: '4.1.0', revision: '87802e897b'
System info: host: 'VRUNDAV', ip: '192.168.1.100', os.name: 'Windows 10', os.arch: 'amd64', os.version: '10.0', java.version: '11'
Driver info: org.openqa.selenium.chrome.ChromeDriver
Command: [cfbd394d734cb5406595c1fd8fbeea75, clickElement {id=344a8be8-df3a-453a-9897-79484fed3a3c}]
Capabilities {acceptInsecureCerts: false, browserName: chrome, browserVersion: 102.0.5005.115, chrome: {chromedriverVersion: 102.0.5005.61 (0e59bcc00cc4..., userDataDir: C:\Users\VRUNDA~1\AppData\L...}, goog:chromeOptions: {debuggerAddress: localhost:53607}, javascriptEnabled: true, networkConnectionEnabled: false, pageLoadStrategy: normal, platform: WINDOWS, platformName: WINDOWS, proxy: Proxy(), se:cdp: ws://localhost:53607/devtoo..., se:cdpVersion: 102.0.5005.115, setWindowRect: true, strictFileInteractability: false, timeouts: {implicit: 0, pageLoad: 300000, script: 30000}, unhandledPromptBehavior: dismiss and notify, webauthn:extension:credBlob: true, webauthn:extension:largeBlob: true, webauthn:virtualAuthenticators: true}
Element: [[ChromeDriver: chrome on WINDOWS (cfbd394d734cb5406595c1fd8fbeea75)] -> xpath: //a[@data-autoid='LeadID_0']]
Session ID: cfbd394d734cb5406595c1fd8fbeea75
2022-06-24 16:47:00 INFO  ScreenShot - ScreenShot captured LeadCardView || Status :Pass
2022-06-24 16:47:33 INFO  ScreenShot - AShot captured CoApplicantDetailsPage || Status :Pass
2022-06-24 16:47:33 INFO  HLDAPEndJourney - SMS = Dear Customer, Please click on the link https://kmb.crmnext.com/sng7/vividkotak/vividflow/run/hl_otp?CoAppId=04AA10FB0C36184D&IsFin=2&CheckSum=43799566 to validate your OTP for non-financial co-borrower and provide your consent for CIBIL validation. From Kotak Bank.
2022-06-24 16:47:33 INFO  HLDAPEndJourney - OTP/Consent Verification link : https://kmb.crmnext.com/sng7/vividkotak/vividflow/run/hl_otp?CoAppId=04AA10FB0C36184D&IsFin=2&CheckSum=43799566
2022-06-24 16:47:42 INFO  HLDAPEndJourney - OTP Notification :OTP has been sent to your registered mobile number
2022-06-24 16:47:47 INFO  HLDAPEndJourney - By clicking here you provide consent to below Terms & Conditions
2022-06-24 16:47:47 INFO  HLDAPEndJourney - Terms and Conditions
2022-06-24 16:47:47 INFO  HLDAPEndJourney - 1. I authorize to be non-financial co-applicant for this home loan application
2022-06-24 16:47:47 INFO  HLDAPEndJourney - 2. I provide consent to validate my cibil details
2022-06-24 16:47:47 INFO  ScreenShot - ScreenShot captured OTPVerification || Status :Pass
2022-06-24 16:49:02 ERROR HLDAPEndJourney - Non Financial co-applicant OTP verification exeption occured due to Expected condition failed: waiting for url to contain "OTP". Current url: "https://kmb.crmnext.com/sng7/vividkotak/vividflow/run/hl_salaried_process?userId=1353&x=ayg86akwr4k6u4tvztzarmblxp43a72xs86b89h3vggxxhzvmkxfmtmrr5g5hsxyya9c7cpc23jjy77a4tny7rmkux#nonfincapp2" (tried for 70 second(s) with 500 milliseconds interval)
Build info: version: '4.1.0', revision: '87802e897b'
System info: host: 'VRUNDAV', ip: '192.168.1.100', os.name: 'Windows 10', os.arch: 'amd64', os.version: '10.0', java.version: '11'
Driver info: org.openqa.selenium.chrome.ChromeDriver
Capabilities {acceptInsecureCerts: false, browserName: chrome, browserVersion: 102.0.5005.115, chrome: {chromedriverVersion: 102.0.5005.61 (0e59bcc00cc4..., userDataDir: C:\Users\VRUNDA~1\AppData\L...}, goog:chromeOptions: {debuggerAddress: localhost:53607}, javascriptEnabled: true, networkConnectionEnabled: false, pageLoadStrategy: normal, platform: WINDOWS, platformName: WINDOWS, proxy: Proxy(), se:cdp: ws://localhost:53607/devtoo..., se:cdpVersion: 102.0.5005.115, setWindowRect: true, strictFileInteractability: false, timeouts: {implicit: 0, pageLoad: 300000, script: 30000}, unhandledPromptBehavior: dismiss and notify, webauthn:extension:credBlob: true, webauthn:extension:largeBlob: true, webauthn:virtualAuthenticators: true}
Session ID: cfbd394d734cb5406595c1fd8fbeea75
2022-06-24 16:49:02 INFO  HLDAPEndJourney - Relationship With Applicant
2022-06-24 16:49:05 INFO  CommonMethods - Daughter : Data Sucessfully Selected from dropdown 
2022-06-24 16:49:08 INFO  CommonMethods - Data Sucessfully entered on Enter PAN No. = AQPPR4745L
2022-06-24 16:49:10 INFO  CommonMethods - Value of WebElement :AQPPR4745L
2022-06-24 16:49:10 INFO  HLDAPEndJourney - PAN = AQPPR4745L
2022-06-24 16:49:14 INFO  CommonMethods - Data Sucessfully entered on  = 400002
2022-06-24 16:49:16 INFO  CommonMethods - Value of WebElement :400002
2022-06-24 16:49:16 INFO  HLDAPEndJourney - Pincode = 400002
2022-06-24 16:49:16 INFO  ScreenShot - ScreenShot captured NoFinancialCoappScreen2 || Status :Pass
2022-06-24 16:49:16 INFO  SetUp - Test Case_HLDAPSalariedBalancetransferNRI_Successfully Passed
2022-06-24 16:49:16 INFO  ScreenShot - ScreenShot captured HLDAPSalariedBalancetransferNRI || Status :Pass
2022-06-24 16:49:16 INFO  SetUp - Test Case_HLDAPSalariedOnlyTopupIndian_Successfully Started
2022-06-24 16:49:34 INFO  SetUp - Test Case_HLDAPSalariedOnlyTopupIndian_get Skipped as its Runmode is 'NO' 
2022-06-24 16:49:34 INFO  SetUp - Test Case_HLDAPSalariedOnlyTopupNRI_Successfully Started
2022-06-24 16:49:52 INFO  SetUp - Test Case_HLDAPSalariedOnlyTopupNRI_get Skipped as its Runmode is 'NO' 
